<?xml version="1.0" encoding="UTF-8"?>
<robot generator="Robot 6.1.1 (Python 3.10.12 on win32)" generated="20231216 20:09:12.829" rpa="true" schemaversion="4">
<suite id="s1" name="Producer" source="d:\_PROJECTS\Robocorp projects\inhuman-insurance-inc-ais-robot\robots\producer.robot">
<test id="s1-t1" name="Produce traffic data work items" line="22">
<kw name="Download traffic data">
<kw name="Download" library="RPA.HTTP">
<arg>https://github.com/robocorp/inhuman-insurance-inc/raw/main/RS_198.json</arg>
<arg>${TRAFFIC_JSON_FILE_PATH}</arg>
<arg>overwrite=True</arg>
<doc>An alias for the ``HTTP Get`` keyword.</doc>
<msg timestamp="20231216 20:09:15.488" level="INFO">Creating a new HTTP session</msg>
<msg timestamp="20231216 20:09:15.498" level="INFO">Creating Session using : alias=rpasession_alias.httpsgithub.com, url=https://github.com, headers={},                     cookies={}, auth=None, timeout=None, proxies=None, verify=True,                     debug=0 </msg>
<status status="PASS" starttime="20231216 20:09:15.486" endtime="20231216 20:09:19.067"/>
</kw>
<status status="PASS" starttime="20231216 20:09:15.478" endtime="20231216 20:09:19.069"/>
</kw>
<kw name="Load traffic data as table">
<var>${table}</var>
<kw name="Load JSON from file" library="RPA.JSON">
<var>${json}</var>
<arg>${TRAFFIC_JSON_FILE_PATH}</arg>
<doc>Load JSON data from a file, and return it as JSON serializable object.
Depending on the input file the object can be either a dictionary,
a list, or a scalar value.</doc>
<msg timestamp="20231216 20:09:19.069" level="INFO">Loading JSON from file: D:\_PROJECTS\Robocorp projects\inhuman-insurance-inc-ais-robot\traffic.json</msg>
<msg timestamp="20231216 20:09:19.603" level="INFO">${json} = {'@odata.context': 'https://ghoapi.azureedge.net/api/$metadata#RS_198', 'value': [{'Id': 25257658, 'IndicatorCode': 'RS_198', 'SpatialDimType': 'COUNTRY', 'SpatialDim': 'AFG', 'TimeDimType': 'YEAR', '...</msg>
<status status="PASS" starttime="20231216 20:09:19.069" endtime="20231216 20:09:19.603"/>
</kw>
<kw name="Create Table" library="RPA.Tables">
<var>${table}</var>
<arg>${json}[value]</arg>
<doc>Create Table object from data.</doc>
<msg timestamp="20231216 20:09:20.655" level="INFO">Created table: Table(columns=['Id', 'IndicatorCode', 'SpatialDimType', 'SpatialDim', 'TimeDimType', 'TimeDim', 'Dim1Type', 'Dim1', 'Dim2Type', 'Dim2', 'Dim3Type', 'Dim3', 'DataSourceDimType', 'DataSourceDim', 'Value', 'NumericValue', 'Low', 'High', 'Comments', 'Date', 'TimeDimensionValue', 'TimeDimensionBegin', 'TimeDimensionEnd'], rows=11640)</msg>
<msg timestamp="20231216 20:09:20.657" level="INFO">${table} = Table(columns=['Id', 'IndicatorCode', 'SpatialDimType', 'SpatialDim', 'TimeDimType', 'TimeDim', 'Dim1Type', 'Dim1', 'Dim2Type', 'Dim2', 'Dim3Type', 'Dim3', 'DataSourceDimType', 'DataSourceDim', 'Value...</msg>
<status status="PASS" starttime="20231216 20:09:19.605" endtime="20231216 20:09:20.657"/>
</kw>
<kw name="Write table to CSV" library="RPA.Tables">
<arg>${table}</arg>
<arg>${OUTPUT_DIR}${/}traffic.csv</arg>
<doc>Write a table as a CSV file.</doc>
<status status="PASS" starttime="20231216 20:09:20.657" endtime="20231216 20:09:22.641"/>
</kw>
<return>
<value>${table}</value>
<status status="PASS" starttime="20231216 20:09:22.642" endtime="20231216 20:09:22.643"/>
</return>
<msg timestamp="20231216 20:09:22.644" level="INFO">${table} = Table(columns=['Id', 'IndicatorCode', 'SpatialDimType', 'SpatialDim', 'TimeDimType', 'TimeDim', 'Dim1Type', 'Dim1', 'Dim2Type', 'Dim2', 'Dim3Type', 'Dim3', 'DataSourceDimType', 'DataSourceDim', 'Value...</msg>
<status status="PASS" starttime="20231216 20:09:19.069" endtime="20231216 20:09:22.645"/>
</kw>
<kw name="Filter and sort traffic data">
<var>${table}</var>
<arg>${table}</arg>
<kw name="Set Variable" library="BuiltIn">
<var>${max_rate}</var>
<arg>${5.0}</arg>
<doc>Returns the given values which can then be assigned to a variables.</doc>
<msg timestamp="20231216 20:09:22.659" level="INFO">${max_rate} = 5.0</msg>
<status status="PASS" starttime="20231216 20:09:22.657" endtime="20231216 20:09:22.659"/>
</kw>
<kw name="Set Variable" library="BuiltIn">
<var>${both_genders}</var>
<arg>BTSX</arg>
<doc>Returns the given values which can then be assigned to a variables.</doc>
<msg timestamp="20231216 20:09:22.659" level="INFO">${both_genders} = BTSX</msg>
<status status="PASS" starttime="20231216 20:09:22.659" endtime="20231216 20:09:22.659"/>
</kw>
<kw name="Filter Table By Column" library="RPA.Tables">
<arg>${table}</arg>
<arg>${RATE_KEY}</arg>
<arg>&lt;</arg>
<arg>${max_rate}</arg>
<doc>Remove all rows where column values don't match the
given condition.</doc>
<msg timestamp="20231216 20:09:22.782" level="INFO">Filtered -10339 rows</msg>
<status status="PASS" starttime="20231216 20:09:22.659" endtime="20231216 20:09:22.782"/>
</kw>
<kw name="Filter Table By Column" library="RPA.Tables">
<arg>${table}</arg>
<arg>${GENDER_KEY}</arg>
<arg>==</arg>
<arg>${both_genders}</arg>
<doc>Remove all rows where column values don't match the
given condition.</doc>
<msg timestamp="20231216 20:09:22.802" level="INFO">Filtered -1056 rows</msg>
<status status="PASS" starttime="20231216 20:09:22.782" endtime="20231216 20:09:22.802"/>
</kw>
<kw name="Sort Table By Column" library="RPA.Tables">
<arg>${table}</arg>
<arg>${YEAR_KEY}</arg>
<arg>False</arg>
<doc>Sort a table in-place according to ``column``.</doc>
<status status="PASS" starttime="20231216 20:09:22.802" endtime="20231216 20:09:22.802"/>
</kw>
<return>
<value>${table}</value>
<status status="PASS" starttime="20231216 20:09:22.810" endtime="20231216 20:09:22.810"/>
</return>
<msg timestamp="20231216 20:09:22.812" level="INFO">${table} = Table(columns=['Id', 'IndicatorCode', 'SpatialDimType', 'SpatialDim', 'TimeDimType', 'TimeDim', 'Dim1Type', 'Dim1', 'Dim2Type', 'Dim2', 'Dim3Type', 'Dim3', 'DataSourceDimType', 'DataSourceDim', 'Value...</msg>
<status status="PASS" starttime="20231216 20:09:22.650" endtime="20231216 20:09:22.812"/>
</kw>
<kw name="Get latest data by country">
<var>${traffic_data}</var>
<arg>${table}</arg>
<kw name="Group Table By Column" library="RPA.Tables">
<var>${table}</var>
<arg>${table}</arg>
<arg>${COUNTRY_KEY}</arg>
<doc>Group a table by ``column`` and return a list of grouped Tables.</doc>
<msg timestamp="20231216 20:09:22.865" level="INFO">Found 30 groups</msg>
<msg timestamp="20231216 20:09:22.867" level="INFO">${table} = [Table(columns=['Id', 'IndicatorCode', 'SpatialDimType', 'SpatialDim', 'TimeDimType', 'TimeDim', 'Dim1Type', 'Dim1', 'Dim2Type', 'Dim2', 'Dim3Type', 'Dim3', 'DataSourceDimType', 'DataSourceDim', 'Valu...</msg>
<status status="PASS" starttime="20231216 20:09:22.822" endtime="20231216 20:09:22.867"/>
</kw>
<kw name="Create List" library="BuiltIn">
<var>${latest_data_by_country}</var>
<doc>Returns a list containing given items.</doc>
<msg timestamp="20231216 20:09:22.868" level="INFO">${latest_data_by_country} = []</msg>
<status status="PASS" starttime="20231216 20:09:22.868" endtime="20231216 20:09:22.868"/>
</kw>
<for flavor="IN">
<var>${row}</var>
<value>@{table}</value>
<iter>
<var name="${row}">Table(columns=['Id', 'IndicatorCode', 'SpatialDimType', 'SpatialDim', 'TimeDimType', 'TimeDim', 'Dim1Type', 'Dim1', 'Dim2Type', 'Dim2', 'Dim3Type', 'Dim3', 'DataSourceDimType', 'DataSourceDim', 'Value...</var>
<kw name="Pop Table Row" library="RPA.Tables">
<var>${first_row}</var>
<arg>${row}</arg>
<doc>Remove row from table and return it.</doc>
<msg timestamp="20231216 20:09:22.873" level="INFO">${first_row} = {'Id': 25414305, 'IndicatorCode': 'RS_198', 'SpatialDimType': 'COUNTRY', 'SpatialDim': 'VCT', 'TimeDimType': 'YEAR', 'TimeDim': 2011, 'Dim1Type': 'SEX', 'Dim1': 'BTSX', 'Dim2Type': None, 'Dim2': None,...</msg>
<status status="PASS" starttime="20231216 20:09:22.873" endtime="20231216 20:09:22.873"/>
</kw>
<kw name="Append To List" library="Collections">
<arg>${latest_data_by_country}</arg>
<arg>${first_row}</arg>
<doc>Adds ``values`` to the end of ``list``.</doc>
<status status="PASS" starttime="20231216 20:09:22.873" endtime="20231216 20:09:22.873"/>
</kw>
<status status="PASS" starttime="20231216 20:09:22.871" endtime="20231216 20:09:22.873"/>
</iter>
<iter>
<var name="${row}">Table(columns=['Id', 'IndicatorCode', 'SpatialDimType', 'SpatialDim', 'TimeDimType', 'TimeDim', 'Dim1Type', 'Dim1', 'Dim2Type', 'Dim2', 'Dim3Type', 'Dim3', 'DataSourceDimType', 'DataSourceDim', 'Value...</var>
<kw name="Pop Table Row" library="RPA.Tables">
<var>${first_row}</var>
<arg>${row}</arg>
<doc>Remove row from table and return it.</doc>
<msg timestamp="20231216 20:09:22.873" level="INFO">${first_row} = {'Id': 25396290, 'IndicatorCode': 'RS_198', 'SpatialDimType': 'COUNTRY', 'SpatialDim': 'SWError', 'TimeDimType': 'YEAR', 'TimeDim': 2019, 'Dim1Type': 'SEX', 'Dim1': 'BTSX', 'Dim2Type': None, 'Dim2': N...</msg>
<status status="PASS" starttime="20231216 20:09:22.873" endtime="20231216 20:09:22.881"/>
</kw>
<kw name="Append To List" library="Collections">
<arg>${latest_data_by_country}</arg>
<arg>${first_row}</arg>
<doc>Adds ``values`` to the end of ``list``.</doc>
<status status="PASS" starttime="20231216 20:09:22.882" endtime="20231216 20:09:22.884"/>
</kw>
<status status="PASS" starttime="20231216 20:09:22.873" endtime="20231216 20:09:22.884"/>
</iter>
<iter>
<var name="${row}">Table(columns=['Id', 'IndicatorCode', 'SpatialDimType', 'SpatialDim', 'TimeDimType', 'TimeDim', 'Dim1Type', 'Dim1', 'Dim2Type', 'Dim2', 'Dim3Type', 'Dim3', 'DataSourceDimType', 'DataSourceDim', 'Value...</var>
<kw name="Pop Table Row" library="RPA.Tables">
<var>${first_row}</var>
<arg>${row}</arg>
<doc>Remove row from table and return it.</doc>
<msg timestamp="20231216 20:09:22.887" level="INFO">${first_row} = {'Id': 25396263, 'IndicatorCode': 'RS_198', 'SpatialDimType': 'COUNTRY', 'SpatialDim': 'SWE', 'TimeDimType': 'YEAR', 'TimeDim': 2018, 'Dim1Type': 'SEX', 'Dim1': 'BTSX', 'Dim2Type': None, 'Dim2': None,...</msg>
<status status="PASS" starttime="20231216 20:09:22.886" endtime="20231216 20:09:22.888"/>
</kw>
<kw name="Append To List" library="Collections">
<arg>${latest_data_by_country}</arg>
<arg>${first_row}</arg>
<doc>Adds ``values`` to the end of ``list``.</doc>
<status status="PASS" starttime="20231216 20:09:22.889" endtime="20231216 20:09:22.890"/>
</kw>
<status status="PASS" starttime="20231216 20:09:22.885" endtime="20231216 20:09:22.891"/>
</iter>
<iter>
<var name="${row}">Table(columns=['Id', 'IndicatorCode', 'SpatialDimType', 'SpatialDim', 'TimeDimType', 'TimeDim', 'Dim1Type', 'Dim1', 'Dim2Type', 'Dim2', 'Dim3Type', 'Dim3', 'DataSourceDimType', 'DataSourceDim', 'Value...</var>
<kw name="Pop Table Row" library="RPA.Tables">
<var>${first_row}</var>
<arg>${row}</arg>
<doc>Remove row from table and return it.</doc>
<msg timestamp="20231216 20:09:22.894" level="INFO">${first_row} = {'Id': 25395399, 'IndicatorCode': 'RS_198', 'SpatialDimType': 'COUNTRY', 'SpatialDim': 'SVN', 'TimeDimType': 'YEAR', 'TimeDim': 2018, 'Dim1Type': 'SEX', 'Dim1': 'BTSX', 'Dim2Type': None, 'Dim2': None,...</msg>
<status status="PASS" starttime="20231216 20:09:22.892" endtime="20231216 20:09:22.894"/>
</kw>
<kw name="Append To List" library="Collections">
<arg>${latest_data_by_country}</arg>
<arg>${first_row}</arg>
<doc>Adds ``values`` to the end of ``list``.</doc>
<status status="PASS" starttime="20231216 20:09:22.895" endtime="20231216 20:09:22.896"/>
</kw>
<status status="PASS" starttime="20231216 20:09:22.891" endtime="20231216 20:09:22.897"/>
</iter>
<iter>
<var name="${row}">Table(columns=['Id', 'IndicatorCode', 'SpatialDimType', 'SpatialDim', 'TimeDimType', 'TimeDim', 'Dim1Type', 'Dim1', 'Dim2Type', 'Dim2', 'Dim3Type', 'Dim3', 'DataSourceDimType', 'DataSourceDim', 'Value...</var>
<kw name="Pop Table Row" library="RPA.Tables">
<var>${first_row}</var>
<arg>${row}</arg>
<doc>Remove row from table and return it.</doc>
<msg timestamp="20231216 20:09:22.901" level="INFO">${first_row} = {'Id': 25386375, 'IndicatorCode': 'RS_198', 'SpatialDimType': 'COUNTRY', 'SpatialDim': 'SGP', 'TimeDimType': 'YEAR', 'TimeDim': 2019, 'Dim1Type': 'SEX', 'Dim1': 'BTSX', 'Dim2Type': None, 'Dim2': None,...</msg>
<status status="PASS" starttime="20231216 20:09:22.899" endtime="20231216 20:09:22.901"/>
</kw>
<kw name="Append To List" library="Collections">
<arg>${latest_data_by_country}</arg>
<arg>${first_row}</arg>
<doc>Adds ``values`` to the end of ``list``.</doc>
<status status="PASS" starttime="20231216 20:09:22.902" endtime="20231216 20:09:22.903"/>
</kw>
<status status="PASS" starttime="20231216 20:09:22.898" endtime="20231216 20:09:22.904"/>
</iter>
<iter>
<var name="${row}">Table(columns=['Id', 'IndicatorCode', 'SpatialDimType', 'SpatialDim', 'TimeDimType', 'TimeDim', 'Dim1Type', 'Dim1', 'Dim2Type', 'Dim2', 'Dim3Type', 'Dim3', 'DataSourceDimType', 'DataSourceDim', 'Value...</var>
<kw name="Pop Table Row" library="RPA.Tables">
<var>${first_row}</var>
<arg>${row}</arg>
<doc>Remove row from table and return it.</doc>
<msg timestamp="20231216 20:09:22.906" level="INFO">${first_row} = {'Id': 25368358, 'IndicatorCode': 'RS_198', 'SpatialDimType': 'COUNTRY', 'SpatialDim': 'NOR', 'TimeDimType': 'YEAR', 'TimeDim': 2019, 'Dim1Type': 'SEX', 'Dim1': 'BTSX', 'Dim2Type': None, 'Dim2': None,...</msg>
<status status="PASS" starttime="20231216 20:09:22.904" endtime="20231216 20:09:22.907"/>
</kw>
<kw name="Append To List" library="Collections">
<arg>${latest_data_by_country}</arg>
<arg>${first_row}</arg>
<doc>Adds ``values`` to the end of ``list``.</doc>
<status status="PASS" starttime="20231216 20:09:22.907" endtime="20231216 20:09:22.909"/>
</kw>
<status status="PASS" starttime="20231216 20:09:22.904" endtime="20231216 20:09:22.909"/>
</iter>
<iter>
<var name="${row}">Table(columns=['Id', 'IndicatorCode', 'SpatialDimType', 'SpatialDim', 'TimeDimType', 'TimeDim', 'Dim1Type', 'Dim1', 'Dim2Type', 'Dim2', 'Dim3Type', 'Dim3', 'DataSourceDimType', 'DataSourceDim', 'Value...</var>
<kw name="Pop Table Row" library="RPA.Tables">
<var>${first_row}</var>
<arg>${row}</arg>
<doc>Remove row from table and return it.</doc>
<msg timestamp="20231216 20:09:22.913" level="INFO">${first_row} = {'Id': 25367485, 'IndicatorCode': 'RS_198', 'SpatialDimType': 'COUNTRY', 'SpatialDim': 'NLD', 'TimeDimType': 'YEAR', 'TimeDim': 2019, 'Dim1Type': 'SEX', 'Dim1': 'BTSX', 'Dim2Type': None, 'Dim2': None,...</msg>
<status status="PASS" starttime="20231216 20:09:22.911" endtime="20231216 20:09:22.913"/>
</kw>
<kw name="Append To List" library="Collections">
<arg>${latest_data_by_country}</arg>
<arg>${first_row}</arg>
<doc>Adds ``values`` to the end of ``list``.</doc>
<status status="PASS" starttime="20231216 20:09:22.914" endtime="20231216 20:09:22.915"/>
</kw>
<status status="PASS" starttime="20231216 20:09:22.910" endtime="20231216 20:09:22.916"/>
</iter>
<iter>
<var name="${row}">Table(columns=['Id', 'IndicatorCode', 'SpatialDimType', 'SpatialDim', 'TimeDimType', 'TimeDim', 'Dim1Type', 'Dim1', 'Dim2Type', 'Dim2', 'Dim3Type', 'Dim3', 'DataSourceDimType', 'DataSourceDim', 'Value...</var>
<kw name="Pop Table Row" library="RPA.Tables">
<var>${first_row}</var>
<arg>${row}</arg>
<doc>Remove row from table and return it.</doc>
<msg timestamp="20231216 20:09:22.920" level="INFO">${first_row} = {'Id': 25355795, 'IndicatorCode': 'RS_198', 'SpatialDimType': 'COUNTRY', 'SpatialDim': 'MLT', 'TimeDimType': 'YEAR', 'TimeDim': 2019, 'Dim1Type': 'SEX', 'Dim1': 'BTSX', 'Dim2Type': None, 'Dim2': None,...</msg>
<status status="PASS" starttime="20231216 20:09:22.918" endtime="20231216 20:09:22.920"/>
</kw>
<kw name="Append To List" library="Collections">
<arg>${latest_data_by_country}</arg>
<arg>${first_row}</arg>
<doc>Adds ``values`` to the end of ``list``.</doc>
<status status="PASS" starttime="20231216 20:09:22.921" endtime="20231216 20:09:22.922"/>
</kw>
<status status="PASS" starttime="20231216 20:09:22.917" endtime="20231216 20:09:22.923"/>
</iter>
<iter>
<var name="${row}">Table(columns=['Id', 'IndicatorCode', 'SpatialDimType', 'SpatialDim', 'TimeDimType', 'TimeDim', 'Dim1Type', 'Dim1', 'Dim2Type', 'Dim2', 'Dim3Type', 'Dim3', 'DataSourceDimType', 'DataSourceDim', 'Value...</var>
<kw name="Pop Table Row" library="RPA.Tables">
<var>${first_row}</var>
<arg>${row}</arg>
<doc>Remove row from table and return it.</doc>
<msg timestamp="20231216 20:09:22.927" level="INFO">${first_row} = {'Id': 25352172, 'IndicatorCode': 'RS_198', 'SpatialDimType': 'COUNTRY', 'SpatialDim': 'MDV', 'TimeDimType': 'YEAR', 'TimeDim': 2019, 'Dim1Type': 'SEX', 'Dim1': 'BTSX', 'Dim2Type': None, 'Dim2': None,...</msg>
<status status="PASS" starttime="20231216 20:09:22.925" endtime="20231216 20:09:22.927"/>
</kw>
<kw name="Append To List" library="Collections">
<arg>${latest_data_by_country}</arg>
<arg>${first_row}</arg>
<doc>Adds ``values`` to the end of ``list``.</doc>
<status status="PASS" starttime="20231216 20:09:22.928" endtime="20231216 20:09:22.929"/>
</kw>
<status status="PASS" starttime="20231216 20:09:22.924" endtime="20231216 20:09:22.930"/>
</iter>
<iter>
<var name="${row}">Table(columns=['Id', 'IndicatorCode', 'SpatialDimType', 'SpatialDim', 'TimeDimType', 'TimeDim', 'Dim1Type', 'Dim1', 'Dim2Type', 'Dim2', 'Dim3Type', 'Dim3', 'DataSourceDimType', 'DataSourceDim', 'Value...</var>
<kw name="Pop Table Row" library="RPA.Tables">
<var>${first_row}</var>
<arg>${row}</arg>
<doc>Remove row from table and return it.</doc>
<msg timestamp="20231216 20:09:22.933" level="INFO">${first_row} = {'Id': 25347667, 'IndicatorCode': 'RS_198', 'SpatialDimType': 'COUNTRY', 'SpatialDim': 'LUX', 'TimeDimType': 'YEAR', 'TimeDim': 2019, 'Dim1Type': 'SEX', 'Dim1': 'BTSX', 'Dim2Type': None, 'Dim2': None,...</msg>
<status status="PASS" starttime="20231216 20:09:22.932" endtime="20231216 20:09:22.934"/>
</kw>
<kw name="Append To List" library="Collections">
<arg>${latest_data_by_country}</arg>
<arg>${first_row}</arg>
<doc>Adds ``values`` to the end of ``list``.</doc>
<status status="PASS" starttime="20231216 20:09:22.935" endtime="20231216 20:09:22.936"/>
</kw>
<status status="PASS" starttime="20231216 20:09:22.931" endtime="20231216 20:09:22.937"/>
</iter>
<iter>
<var name="${row}">Table(columns=['Id', 'IndicatorCode', 'SpatialDimType', 'SpatialDim', 'TimeDimType', 'TimeDim', 'Dim1Type', 'Dim1', 'Dim2Type', 'Dim2', 'Dim3Type', 'Dim3', 'DataSourceDimType', 'DataSourceDim', 'Value...</var>
<kw name="Pop Table Row" library="RPA.Tables">
<var>${first_row}</var>
<arg>${row}</arg>
<doc>Remove row from table and return it.</doc>
<msg timestamp="20231216 20:09:22.940" level="INFO">${first_row} = {'Id': 25344109, 'IndicatorCode': 'RS_198', 'SpatialDimType': 'COUNTRY', 'SpatialDim': 'LCA', 'TimeDimType': 'YEAR', 'TimeDim': 2008, 'Dim1Type': 'SEX', 'Dim1': 'BTSX', 'Dim2Type': None, 'Dim2': None,...</msg>
<status status="PASS" starttime="20231216 20:09:22.939" endtime="20231216 20:09:22.941"/>
</kw>
<kw name="Append To List" library="Collections">
<arg>${latest_data_by_country}</arg>
<arg>${first_row}</arg>
<doc>Adds ``values`` to the end of ``list``.</doc>
<status status="PASS" starttime="20231216 20:09:22.941" endtime="20231216 20:09:22.943"/>
</kw>
<status status="PASS" starttime="20231216 20:09:22.938" endtime="20231216 20:09:22.943"/>
</iter>
<iter>
<var name="${row}">Table(columns=['Id', 'IndicatorCode', 'SpatialDimType', 'SpatialDim', 'TimeDimType', 'TimeDim', 'Dim1Type', 'Dim1', 'Dim2Type', 'Dim2', 'Dim3Type', 'Dim3', 'DataSourceDimType', 'DataSourceDim', 'Value...</var>
<kw name="Pop Table Row" library="RPA.Tables">
<var>${first_row}</var>
<arg>${row}</arg>
<doc>Remove row from table and return it.</doc>
<msg timestamp="20231216 20:09:22.945" level="INFO">${first_row} = {'Id': 25337776, 'IndicatorCode': 'RS_198', 'SpatialDimType': 'COUNTRY', 'SpatialDim': 'KIR', 'TimeDimType': 'YEAR', 'TimeDim': 2019, 'Dim1Type': 'SEX', 'Dim1': 'BTSX', 'Dim2Type': None, 'Dim2': None,...</msg>
<status status="PASS" starttime="20231216 20:09:22.944" endtime="20231216 20:09:22.946"/>
</kw>
<kw name="Append To List" library="Collections">
<arg>${latest_data_by_country}</arg>
<arg>${first_row}</arg>
<doc>Adds ``values`` to the end of ``list``.</doc>
<status status="PASS" starttime="20231216 20:09:22.946" endtime="20231216 20:09:22.948"/>
</kw>
<status status="PASS" starttime="20231216 20:09:22.944" endtime="20231216 20:09:22.949"/>
</iter>
<iter>
<var name="${row}">Table(columns=['Id', 'IndicatorCode', 'SpatialDimType', 'SpatialDim', 'TimeDimType', 'TimeDim', 'Dim1Type', 'Dim1', 'Dim2Type', 'Dim2', 'Dim3Type', 'Dim3', 'DataSourceDimType', 'DataSourceDim', 'Value...</var>
<kw name="Pop Table Row" library="RPA.Tables">
<var>${first_row}</var>
<arg>${row}</arg>
<doc>Remove row from table and return it.</doc>
<msg timestamp="20231216 20:09:22.952" level="INFO">${first_row} = {'Id': 25333279, 'IndicatorCode': 'RS_198', 'SpatialDimType': 'COUNTRY', 'SpatialDim': 'JPN', 'TimeDimType': 'YEAR', 'TimeDim': 2019, 'Dim1Type': 'SEX', 'Dim1': 'BTSX', 'Dim2Type': None, 'Dim2': None,...</msg>
<status status="PASS" starttime="20231216 20:09:22.950" endtime="20231216 20:09:22.952"/>
</kw>
<kw name="Append To List" library="Collections">
<arg>${latest_data_by_country}</arg>
<arg>${first_row}</arg>
<doc>Adds ``values`` to the end of ``list``.</doc>
<status status="PASS" starttime="20231216 20:09:22.953" endtime="20231216 20:09:22.955"/>
</kw>
<status status="PASS" starttime="20231216 20:09:22.949" endtime="20231216 20:09:22.955"/>
</iter>
<iter>
<var name="${row}">Table(columns=['Id', 'IndicatorCode', 'SpatialDimType', 'SpatialDim', 'TimeDimType', 'TimeDim', 'Dim1Type', 'Dim1', 'Dim2Type', 'Dim2', 'Dim3Type', 'Dim3', 'DataSourceDimType', 'DataSourceDim', 'Value...</var>
<kw name="Pop Table Row" library="RPA.Tables">
<var>${first_row}</var>
<arg>${row}</arg>
<doc>Remove row from table and return it.</doc>
<msg timestamp="20231216 20:09:22.958" level="INFO">${first_row} = {'Id': 25329697, 'IndicatorCode': 'RS_198', 'SpatialDimType': 'COUNTRY', 'SpatialDim': 'ISR', 'TimeDimType': 'YEAR', 'TimeDim': 2019, 'Dim1Type': 'SEX', 'Dim1': 'BTSX', 'Dim2Type': None, 'Dim2': None,...</msg>
<status status="PASS" starttime="20231216 20:09:22.957" endtime="20231216 20:09:22.959"/>
</kw>
<kw name="Append To List" library="Collections">
<arg>${latest_data_by_country}</arg>
<arg>${first_row}</arg>
<doc>Adds ``values`` to the end of ``list``.</doc>
<status status="PASS" starttime="20231216 20:09:22.960" endtime="20231216 20:09:22.961"/>
</kw>
<status status="PASS" starttime="20231216 20:09:22.956" endtime="20231216 20:09:22.962"/>
</iter>
<iter>
<var name="${row}">Table(columns=['Id', 'IndicatorCode', 'SpatialDimType', 'SpatialDim', 'TimeDimType', 'TimeDim', 'Dim1Type', 'Dim1', 'Dim2Type', 'Dim2', 'Dim3Type', 'Dim3', 'DataSourceDimType', 'DataSourceDim', 'Value...</var>
<kw name="Pop Table Row" library="RPA.Tables">
<var>${first_row}</var>
<arg>${row}</arg>
<doc>Remove row from table and return it.</doc>
<msg timestamp="20231216 20:09:22.965" level="INFO">${first_row} = {'Id': 25328814, 'IndicatorCode': 'RS_198', 'SpatialDimType': 'COUNTRY', 'SpatialDim': 'ISL', 'TimeDimType': 'YEAR', 'TimeDim': 2019, 'Dim1Type': 'SEX', 'Dim1': 'BTSX', 'Dim2Type': None, 'Dim2': None,...</msg>
<status status="PASS" starttime="20231216 20:09:22.964" endtime="20231216 20:09:22.965"/>
</kw>
<kw name="Append To List" library="Collections">
<arg>${latest_data_by_country}</arg>
<arg>${first_row}</arg>
<doc>Adds ``values`` to the end of ``list``.</doc>
<status status="PASS" starttime="20231216 20:09:22.965" endtime="20231216 20:09:22.965"/>
</kw>
<status status="PASS" starttime="20231216 20:09:22.963" endtime="20231216 20:09:22.965"/>
</iter>
<iter>
<var name="${row}">Table(columns=['Id', 'IndicatorCode', 'SpatialDimType', 'SpatialDim', 'TimeDimType', 'TimeDim', 'Dim1Type', 'Dim1', 'Dim2Type', 'Dim2', 'Dim3Type', 'Dim3', 'DataSourceDimType', 'DataSourceDim', 'Value...</var>
<kw name="Pop Table Row" library="RPA.Tables">
<var>${first_row}</var>
<arg>${row}</arg>
<doc>Remove row from table and return it.</doc>
<msg timestamp="20231216 20:09:22.971" level="INFO">${first_row} = {'Id': 25326084, 'IndicatorCode': 'RS_198', 'SpatialDimType': 'COUNTRY', 'SpatialDim': 'IRL', 'TimeDimType': 'YEAR', 'TimeDim': 2019, 'Dim1Type': 'SEX', 'Dim1': 'BTSX', 'Dim2Type': None, 'Dim2': None,...</msg>
<status status="PASS" starttime="20231216 20:09:22.971" endtime="20231216 20:09:22.973"/>
</kw>
<kw name="Append To List" library="Collections">
<arg>${latest_data_by_country}</arg>
<arg>${first_row}</arg>
<doc>Adds ``values`` to the end of ``list``.</doc>
<status status="PASS" starttime="20231216 20:09:22.973" endtime="20231216 20:09:22.973"/>
</kw>
<status status="PASS" starttime="20231216 20:09:22.965" endtime="20231216 20:09:22.973"/>
</iter>
<iter>
<var name="${row}">Table(columns=['Id', 'IndicatorCode', 'SpatialDimType', 'SpatialDim', 'TimeDimType', 'TimeDim', 'Dim1Type', 'Dim1', 'Dim2Type', 'Dim2', 'Dim3Type', 'Dim3', 'DataSourceDimType', 'DataSourceDim', 'Value...</var>
<kw name="Pop Table Row" library="RPA.Tables">
<var>${first_row}</var>
<arg>${row}</arg>
<doc>Remove row from table and return it.</doc>
<msg timestamp="20231216 20:09:22.973" level="INFO">${first_row} = {'Id': 25318901, 'IndicatorCode': 'RS_198', 'SpatialDimType': 'COUNTRY', 'SpatialDim': 'GTM', 'TimeDimType': 'YEAR', 'TimeDim': 2006, 'Dim1Type': 'SEX', 'Dim1': 'BTSX', 'Dim2Type': None, 'Dim2': None,...</msg>
<status status="PASS" starttime="20231216 20:09:22.973" endtime="20231216 20:09:22.973"/>
</kw>
<kw name="Append To List" library="Collections">
<arg>${latest_data_by_country}</arg>
<arg>${first_row}</arg>
<doc>Adds ``values`` to the end of ``list``.</doc>
<status status="PASS" starttime="20231216 20:09:22.981" endtime="20231216 20:09:22.998"/>
</kw>
<status status="PASS" starttime="20231216 20:09:22.973" endtime="20231216 20:09:22.999"/>
</iter>
<iter>
<var name="${row}">Table(columns=['Id', 'IndicatorCode', 'SpatialDimType', 'SpatialDim', 'TimeDimType', 'TimeDim', 'Dim1Type', 'Dim1', 'Dim2Type', 'Dim2', 'Dim3Type', 'Dim3', 'DataSourceDimType', 'DataSourceDim', 'Value...</var>
<kw name="Pop Table Row" library="RPA.Tables">
<var>${first_row}</var>
<arg>${row}</arg>
<doc>Remove row from table and return it.</doc>
<msg timestamp="20231216 20:09:23.003" level="INFO">${first_row} = {'Id': 25317960, 'IndicatorCode': 'RS_198', 'SpatialDimType': 'COUNTRY', 'SpatialDim': 'GRD', 'TimeDimType': 'YEAR', 'TimeDim': 2014, 'Dim1Type': 'SEX', 'Dim1': 'BTSX', 'Dim2Type': None, 'Dim2': None,...</msg>
<status status="PASS" starttime="20231216 20:09:23.001" endtime="20231216 20:09:23.004"/>
</kw>
<kw name="Append To List" library="Collections">
<arg>${latest_data_by_country}</arg>
<arg>${first_row}</arg>
<doc>Adds ``values`` to the end of ``list``.</doc>
<status status="PASS" starttime="20231216 20:09:23.005" endtime="20231216 20:09:23.007"/>
</kw>
<status status="PASS" starttime="20231216 20:09:23.000" endtime="20231216 20:09:23.007"/>
</iter>
<iter>
<var name="${row}">Table(columns=['Id', 'IndicatorCode', 'SpatialDimType', 'SpatialDim', 'TimeDimType', 'TimeDim', 'Dim1Type', 'Dim1', 'Dim2Type', 'Dim2', 'Dim3Type', 'Dim3', 'DataSourceDimType', 'DataSourceDim', 'Value...</var>
<kw name="Pop Table Row" library="RPA.Tables">
<var>${first_row}</var>
<arg>${row}</arg>
<doc>Remove row from table and return it.</doc>
<msg timestamp="20231216 20:09:23.011" level="INFO">${first_row} = {'Id': 25310762, 'IndicatorCode': 'RS_198', 'SpatialDimType': 'COUNTRY', 'SpatialDim': 'GBR', 'TimeDimType': 'YEAR', 'TimeDim': 2019, 'Dim1Type': 'SEX', 'Dim1': 'BTSX', 'Dim2Type': None, 'Dim2': None,...</msg>
<status status="PASS" starttime="20231216 20:09:23.009" endtime="20231216 20:09:23.011"/>
</kw>
<kw name="Append To List" library="Collections">
<arg>${latest_data_by_country}</arg>
<arg>${first_row}</arg>
<doc>Adds ``values`` to the end of ``list``.</doc>
<status status="PASS" starttime="20231216 20:09:23.012" endtime="20231216 20:09:23.014"/>
</kw>
<status status="PASS" starttime="20231216 20:09:23.008" endtime="20231216 20:09:23.014"/>
</iter>
<iter>
<var name="${row}">Table(columns=['Id', 'IndicatorCode', 'SpatialDimType', 'SpatialDim', 'TimeDimType', 'TimeDim', 'Dim1Type', 'Dim1', 'Dim2Type', 'Dim2', 'Dim3Type', 'Dim3', 'DataSourceDimType', 'DataSourceDim', 'Value...</var>
<kw name="Pop Table Row" library="RPA.Tables">
<var>${first_row}</var>
<arg>${row}</arg>
<doc>Remove row from table and return it.</doc>
<msg timestamp="20231216 20:09:23.015" level="INFO">${first_row} = {'Id': 25308972, 'IndicatorCode': 'RS_198', 'SpatialDimType': 'COUNTRY', 'SpatialDim': 'FSM', 'TimeDimType': 'YEAR', 'TimeDim': 2019, 'Dim1Type': 'SEX', 'Dim1': 'BTSX', 'Dim2Type': None, 'Dim2': None,...</msg>
<status status="PASS" starttime="20231216 20:09:23.015" endtime="20231216 20:09:23.015"/>
</kw>
<kw name="Append To List" library="Collections">
<arg>${latest_data_by_country}</arg>
<arg>${first_row}</arg>
<doc>Adds ``values`` to the end of ``list``.</doc>
<status status="PASS" starttime="20231216 20:09:23.015" endtime="20231216 20:09:23.015"/>
</kw>
<status status="PASS" starttime="20231216 20:09:23.015" endtime="20231216 20:09:23.022"/>
</iter>
<iter>
<var name="${row}">Table(columns=['Id', 'IndicatorCode', 'SpatialDimType', 'SpatialDim', 'TimeDimType', 'TimeDim', 'Dim1Type', 'Dim1', 'Dim2Type', 'Dim2', 'Dim3Type', 'Dim3', 'DataSourceDimType', 'DataSourceDim', 'Value...</var>
<kw name="Pop Table Row" library="RPA.Tables">
<var>${first_row}</var>
<arg>${row}</arg>
<doc>Remove row from table and return it.</doc>
<msg timestamp="20231216 20:09:23.024" level="INFO">${first_row} = {'Id': 25306262, 'IndicatorCode': 'RS_198', 'SpatialDimType': 'COUNTRY', 'SpatialDim': 'FIN', 'TimeDimType': 'YEAR', 'TimeDim': 2019, 'Dim1Type': 'SEX', 'Dim1': 'BTSX', 'Dim2Type': None, 'Dim2': None,...</msg>
<status status="PASS" starttime="20231216 20:09:23.022" endtime="20231216 20:09:23.024"/>
</kw>
<kw name="Append To List" library="Collections">
<arg>${latest_data_by_country}</arg>
<arg>${first_row}</arg>
<doc>Adds ``values`` to the end of ``list``.</doc>
<status status="PASS" starttime="20231216 20:09:23.024" endtime="20231216 20:09:23.024"/>
</kw>
<status status="PASS" starttime="20231216 20:09:23.022" endtime="20231216 20:09:23.024"/>
</iter>
<iter>
<var name="${row}">Table(columns=['Id', 'IndicatorCode', 'SpatialDimType', 'SpatialDim', 'TimeDimType', 'TimeDim', 'Dim1Type', 'Dim1', 'Dim2Type', 'Dim2', 'Dim3Type', 'Dim3', 'DataSourceDimType', 'DataSourceDim', 'Value...</var>
<kw name="Pop Table Row" library="RPA.Tables">
<var>${first_row}</var>
<arg>${row}</arg>
<doc>Remove row from table and return it.</doc>
<msg timestamp="20231216 20:09:23.046" level="INFO">${first_row} = {'Id': 25304500, 'IndicatorCode': 'RS_198', 'SpatialDimType': 'COUNTRY', 'SpatialDim': 'EST', 'TimeDimType': 'YEAR', 'TimeDim': 2019, 'Dim1Type': 'SEX', 'Dim1': 'BTSX', 'Dim2Type': None, 'Dim2': None,...</msg>
<status status="PASS" starttime="20231216 20:09:23.024" endtime="20231216 20:09:23.046"/>
</kw>
<kw name="Append To List" library="Collections">
<arg>${latest_data_by_country}</arg>
<arg>${first_row}</arg>
<doc>Adds ``values`` to the end of ``list``.</doc>
<status status="PASS" starttime="20231216 20:09:23.049" endtime="20231216 20:09:23.051"/>
</kw>
<status status="PASS" starttime="20231216 20:09:23.024" endtime="20231216 20:09:23.051"/>
</iter>
<iter>
<var name="${row}">Table(columns=['Id', 'IndicatorCode', 'SpatialDimType', 'SpatialDim', 'TimeDimType', 'TimeDim', 'Dim1Type', 'Dim1', 'Dim2Type', 'Dim2', 'Dim3Type', 'Dim3', 'DataSourceDimType', 'DataSourceDim', 'Value...</var>
<kw name="Pop Table Row" library="RPA.Tables">
<var>${first_row}</var>
<arg>${row}</arg>
<doc>Remove row from table and return it.</doc>
<msg timestamp="20231216 20:09:23.057" level="INFO">${first_row} = {'Id': 25303612, 'IndicatorCode': 'RS_198', 'SpatialDimType': 'COUNTRY', 'SpatialDim': 'ESP', 'TimeDimType': 'YEAR', 'TimeDim': 2019, 'Dim1Type': 'SEX', 'Dim1': 'BTSX', 'Dim2Type': None, 'Dim2': None,...</msg>
<status status="PASS" starttime="20231216 20:09:23.055" endtime="20231216 20:09:23.057"/>
</kw>
<kw name="Append To List" library="Collections">
<arg>${latest_data_by_country}</arg>
<arg>${first_row}</arg>
<doc>Adds ``values`` to the end of ``list``.</doc>
<status status="PASS" starttime="20231216 20:09:23.058" endtime="20231216 20:09:23.060"/>
</kw>
<status status="PASS" starttime="20231216 20:09:23.054" endtime="20231216 20:09:23.061"/>
</iter>
<iter>
<var name="${row}">Table(columns=['Id', 'IndicatorCode', 'SpatialDimType', 'SpatialDim', 'TimeDimType', 'TimeDim', 'Dim1Type', 'Dim1', 'Dim2Type', 'Dim2', 'Dim3Type', 'Dim3', 'DataSourceDimType', 'DataSourceDim', 'Value...</var>
<kw name="Pop Table Row" library="RPA.Tables">
<var>${first_row}</var>
<arg>${row}</arg>
<doc>Remove row from table and return it.</doc>
<msg timestamp="20231216 20:09:23.066" level="INFO">${first_row} = {'Id': 25298206, 'IndicatorCode': 'RS_198', 'SpatialDimType': 'COUNTRY', 'SpatialDim': 'DNK', 'TimeDimType': 'YEAR', 'TimeDim': 2019, 'Dim1Type': 'SEX', 'Dim1': 'BTSX', 'Dim2Type': None, 'Dim2': None,...</msg>
<status status="PASS" starttime="20231216 20:09:23.063" endtime="20231216 20:09:23.067"/>
</kw>
<kw name="Append To List" library="Collections">
<arg>${latest_data_by_country}</arg>
<arg>${first_row}</arg>
<doc>Adds ``values`` to the end of ``list``.</doc>
<status status="PASS" starttime="20231216 20:09:23.067" endtime="20231216 20:09:23.069"/>
</kw>
<status status="PASS" starttime="20231216 20:09:23.062" endtime="20231216 20:09:23.069"/>
</iter>
<iter>
<var name="${row}">Table(columns=['Id', 'IndicatorCode', 'SpatialDimType', 'SpatialDim', 'TimeDimType', 'TimeDim', 'Dim1Type', 'Dim1', 'Dim2Type', 'Dim2', 'Dim3Type', 'Dim3', 'DataSourceDimType', 'DataSourceDim', 'Value...</var>
<kw name="Pop Table Row" library="RPA.Tables">
<var>${first_row}</var>
<arg>${row}</arg>
<doc>Remove row from table and return it.</doc>
<msg timestamp="20231216 20:09:23.072" level="INFO">${first_row} = {'Id': 25296399, 'IndicatorCode': 'RS_198', 'SpatialDimType': 'COUNTRY', 'SpatialDim': 'DEU', 'TimeDimType': 'YEAR', 'TimeDim': 2019, 'Dim1Type': 'SEX', 'Dim1': 'BTSX', 'Dim2Type': None, 'Dim2': None,...</msg>
<status status="PASS" starttime="20231216 20:09:23.071" endtime="20231216 20:09:23.073"/>
</kw>
<kw name="Append To List" library="Collections">
<arg>${latest_data_by_country}</arg>
<arg>${first_row}</arg>
<doc>Adds ``values`` to the end of ``list``.</doc>
<status status="PASS" starttime="20231216 20:09:23.074" endtime="20231216 20:09:23.075"/>
</kw>
<status status="PASS" starttime="20231216 20:09:23.070" endtime="20231216 20:09:23.076"/>
</iter>
<iter>
<var name="${row}">Table(columns=['Id', 'IndicatorCode', 'SpatialDimType', 'SpatialDim', 'TimeDimType', 'TimeDim', 'Dim1Type', 'Dim1', 'Dim2Type', 'Dim2', 'Dim3Type', 'Dim3', 'DataSourceDimType', 'DataSourceDim', 'Value...</var>
<kw name="Pop Table Row" library="RPA.Tables">
<var>${first_row}</var>
<arg>${row}</arg>
<doc>Remove row from table and return it.</doc>
<msg timestamp="20231216 20:09:23.079" level="INFO">${first_row} = {'Id': 25294595, 'IndicatorCode': 'RS_198', 'SpatialDimType': 'COUNTRY', 'SpatialDim': 'CYP', 'TimeDimType': 'YEAR', 'TimeDim': 2013, 'Dim1Type': 'SEX', 'Dim1': 'BTSX', 'Dim2Type': None, 'Dim2': None,...</msg>
<status status="PASS" starttime="20231216 20:09:23.078" endtime="20231216 20:09:23.080"/>
</kw>
<kw name="Append To List" library="Collections">
<arg>${latest_data_by_country}</arg>
<arg>${first_row}</arg>
<doc>Adds ``values`` to the end of ``list``.</doc>
<status status="PASS" starttime="20231216 20:09:23.081" endtime="20231216 20:09:23.083"/>
</kw>
<status status="PASS" starttime="20231216 20:09:23.077" endtime="20231216 20:09:23.083"/>
</iter>
<iter>
<var name="${row}">Table(columns=['Id', 'IndicatorCode', 'SpatialDimType', 'SpatialDim', 'TimeDimType', 'TimeDim', 'Dim1Type', 'Dim1', 'Dim2Type', 'Dim2', 'Dim3Type', 'Dim3', 'DataSourceDimType', 'DataSourceDim', 'Value...</var>
<kw name="Pop Table Row" library="RPA.Tables">
<var>${first_row}</var>
<arg>${row}</arg>
<doc>Remove row from table and return it.</doc>
<msg timestamp="20231216 20:09:23.087" level="INFO">${first_row} = {'Id': 25283809, 'IndicatorCode': 'RS_198', 'SpatialDimType': 'COUNTRY', 'SpatialDim': 'CHE', 'TimeDimType': 'YEAR', 'TimeDim': 2019, 'Dim1Type': 'SEX', 'Dim1': 'BTSX', 'Dim2Type': None, 'Dim2': None,...</msg>
<status status="PASS" starttime="20231216 20:09:23.085" endtime="20231216 20:09:23.087"/>
</kw>
<kw name="Append To List" library="Collections">
<arg>${latest_data_by_country}</arg>
<arg>${first_row}</arg>
<doc>Adds ``values`` to the end of ``list``.</doc>
<status status="PASS" starttime="20231216 20:09:23.088" endtime="20231216 20:09:23.090"/>
</kw>
<status status="PASS" starttime="20231216 20:09:23.084" endtime="20231216 20:09:23.090"/>
</iter>
<iter>
<var name="${row}">Table(columns=['Id', 'IndicatorCode', 'SpatialDimType', 'SpatialDim', 'TimeDimType', 'TimeDim', 'Dim1Type', 'Dim1', 'Dim2Type', 'Dim2', 'Dim3Type', 'Dim3', 'DataSourceDimType', 'DataSourceDim', 'Value...</var>
<kw name="Pop Table Row" library="RPA.Tables">
<var>${first_row}</var>
<arg>${row}</arg>
<doc>Remove row from table and return it.</doc>
<msg timestamp="20231216 20:09:23.093" level="INFO">${first_row} = {'Id': 25264908, 'IndicatorCode': 'RS_198', 'SpatialDimType': 'COUNTRY', 'SpatialDim': 'AUT', 'TimeDimType': 'YEAR', 'TimeDim': 2019, 'Dim1Type': 'SEX', 'Dim1': 'BTSX', 'Dim2Type': None, 'Dim2': None,...</msg>
<status status="PASS" starttime="20231216 20:09:23.092" endtime="20231216 20:09:23.094"/>
</kw>
<kw name="Append To List" library="Collections">
<arg>${latest_data_by_country}</arg>
<arg>${first_row}</arg>
<doc>Adds ``values`` to the end of ``list``.</doc>
<status status="PASS" starttime="20231216 20:09:23.095" endtime="20231216 20:09:23.096"/>
</kw>
<status status="PASS" starttime="20231216 20:09:23.091" endtime="20231216 20:09:23.097"/>
</iter>
<iter>
<var name="${row}">Table(columns=['Id', 'IndicatorCode', 'SpatialDimType', 'SpatialDim', 'TimeDimType', 'TimeDim', 'Dim1Type', 'Dim1', 'Dim2Type', 'Dim2', 'Dim3Type', 'Dim3', 'DataSourceDimType', 'DataSourceDim', 'Value...</var>
<kw name="Pop Table Row" library="RPA.Tables">
<var>${first_row}</var>
<arg>${row}</arg>
<doc>Remove row from table and return it.</doc>
<msg timestamp="20231216 20:09:23.101" level="INFO">${first_row} = {'Id': 25263981, 'IndicatorCode': 'RS_198', 'SpatialDimType': 'COUNTRY', 'SpatialDim': 'AUS', 'TimeDimType': 'YEAR', 'TimeDim': 2019, 'Dim1Type': 'SEX', 'Dim1': 'BTSX', 'Dim2Type': None, 'Dim2': None,...</msg>
<status status="PASS" starttime="20231216 20:09:23.099" endtime="20231216 20:09:23.101"/>
</kw>
<kw name="Append To List" library="Collections">
<arg>${latest_data_by_country}</arg>
<arg>${first_row}</arg>
<doc>Adds ``values`` to the end of ``list``.</doc>
<status status="PASS" starttime="20231216 20:09:23.102" endtime="20231216 20:09:23.104"/>
</kw>
<status status="PASS" starttime="20231216 20:09:23.098" endtime="20231216 20:09:23.104"/>
</iter>
<iter>
<var name="${row}">Table(columns=['Id', 'IndicatorCode', 'SpatialDimType', 'SpatialDim', 'TimeDimType', 'TimeDim', 'Dim1Type', 'Dim1', 'Dim2Type', 'Dim2', 'Dim3Type', 'Dim3', 'DataSourceDimType', 'DataSourceDim', 'Value...</var>
<kw name="Pop Table Row" library="RPA.Tables">
<var>${first_row}</var>
<arg>${row}</arg>
<doc>Remove row from table and return it.</doc>
<msg timestamp="20231216 20:09:23.108" level="INFO">${first_row} = {'Id': 25263077, 'IndicatorCode': 'RS_198', 'SpatialDimType': 'COUNTRY', 'SpatialDim': 'ATG', 'TimeDimType': 'YEAR', 'TimeDim': 2019, 'Dim1Type': 'SEX', 'Dim1': 'BTSX', 'Dim2Type': None, 'Dim2': None,...</msg>
<status status="PASS" starttime="20231216 20:09:23.106" endtime="20231216 20:09:23.109"/>
</kw>
<kw name="Append To List" library="Collections">
<arg>${latest_data_by_country}</arg>
<arg>${first_row}</arg>
<doc>Adds ``values`` to the end of ``list``.</doc>
<status status="PASS" starttime="20231216 20:09:23.109" endtime="20231216 20:09:23.111"/>
</kw>
<status status="PASS" starttime="20231216 20:09:23.105" endtime="20231216 20:09:23.111"/>
</iter>
<status status="PASS" starttime="20231216 20:09:22.871" endtime="20231216 20:09:23.112"/>
</for>
<return>
<value>${latest_data_by_country}</value>
<status status="PASS" starttime="20231216 20:09:23.113" endtime="20231216 20:09:23.114"/>
</return>
<msg timestamp="20231216 20:09:23.115" level="INFO">${traffic_data} = [{'Id': 25414305, 'IndicatorCode': 'RS_198', 'SpatialDimType': 'COUNTRY', 'SpatialDim': 'VCT', 'TimeDimType': 'YEAR', 'TimeDim': 2011, 'Dim1Type': 'SEX', 'Dim1': 'BTSX', 'Dim2Type': None, 'Dim2': None...</msg>
<status status="PASS" starttime="20231216 20:09:22.820" endtime="20231216 20:09:23.115"/>
</kw>
<kw name="Create work item payloads">
<var>${payloads}</var>
<arg>${traffic_data}</arg>
<kw name="Create List" library="BuiltIn">
<var>${payloads}</var>
<doc>Returns a list containing given items.</doc>
<msg timestamp="20231216 20:09:23.133" level="INFO">${payloads} = []</msg>
<status status="PASS" starttime="20231216 20:09:23.133" endtime="20231216 20:09:23.135"/>
</kw>
<for flavor="IN">
<var>${row}</var>
<value>@{traffic_data}</value>
<iter>
<var name="${row}">{'Id': 25414305, 'IndicatorCode': 'RS_198', 'SpatialDimType': 'COUNTRY', 'SpatialDim': 'VCT', 'TimeDimType': 'YEAR', 'TimeDim': 2011, 'Dim1Type': 'SEX', 'Dim1': 'BTSX', 'Dim2Type': None, 'Dim2': None,...</var>
<kw name="Create Dictionary" library="BuiltIn">
<var>${payload}</var>
<arg>country=${row}[${COUNTRY_KEY}]</arg>
<arg>year=${row}[${YEAR_KEY}]</arg>
<arg>rate=${row}[${RATE_KEY}]</arg>
<doc>Creates and returns a dictionary based on the given ``items``.</doc>
<msg timestamp="20231216 20:09:23.135" level="INFO">${payload} = {'country': 'VCT', 'year': 2011, 'rate': 3.69293}</msg>
<status status="PASS" starttime="20231216 20:09:23.135" endtime="20231216 20:09:23.135"/>
</kw>
<kw name="Append To List" library="Collections">
<arg>${payloads}</arg>
<arg>${payload}</arg>
<doc>Adds ``values`` to the end of ``list``.</doc>
<status status="PASS" starttime="20231216 20:09:23.135" endtime="20231216 20:09:23.143"/>
</kw>
<status status="PASS" starttime="20231216 20:09:23.135" endtime="20231216 20:09:23.143"/>
</iter>
<iter>
<var name="${row}">{'Id': 25396290, 'IndicatorCode': 'RS_198', 'SpatialDimType': 'COUNTRY', 'SpatialDim': 'SWError', 'TimeDimType': 'YEAR', 'TimeDim': 2019, 'Dim1Type': 'SEX', 'Dim1': 'BTSX', 'Dim2Type': None, 'Dim2': N...</var>
<kw name="Create Dictionary" library="BuiltIn">
<var>${payload}</var>
<arg>country=${row}[${COUNTRY_KEY}]</arg>
<arg>year=${row}[${YEAR_KEY}]</arg>
<arg>rate=${row}[${RATE_KEY}]</arg>
<doc>Creates and returns a dictionary based on the given ``items``.</doc>
<msg timestamp="20231216 20:09:23.145" level="INFO">${payload} = {'country': 'SWError', 'year': 2019, 'rate': 3.13947}</msg>
<status status="PASS" starttime="20231216 20:09:23.145" endtime="20231216 20:09:23.145"/>
</kw>
<kw name="Append To List" library="Collections">
<arg>${payloads}</arg>
<arg>${payload}</arg>
<doc>Adds ``values`` to the end of ``list``.</doc>
<status status="PASS" starttime="20231216 20:09:23.145" endtime="20231216 20:09:23.145"/>
</kw>
<status status="PASS" starttime="20231216 20:09:23.145" endtime="20231216 20:09:23.145"/>
</iter>
<iter>
<var name="${row}">{'Id': 25396263, 'IndicatorCode': 'RS_198', 'SpatialDimType': 'COUNTRY', 'SpatialDim': 'SWE', 'TimeDimType': 'YEAR', 'TimeDim': 2018, 'Dim1Type': 'SEX', 'Dim1': 'BTSX', 'Dim2Type': None, 'Dim2': None,...</var>
<kw name="Create Dictionary" library="BuiltIn">
<var>${payload}</var>
<arg>country=${row}[${COUNTRY_KEY}]</arg>
<arg>year=${row}[${YEAR_KEY}]</arg>
<arg>rate=${row}[${RATE_KEY}]</arg>
<doc>Creates and returns a dictionary based on the given ``items``.</doc>
<msg timestamp="20231216 20:09:23.155" level="INFO">${payload} = {'country': 'SWE', 'year': 2018, 'rate': 3.61718}</msg>
<status status="PASS" starttime="20231216 20:09:23.153" endtime="20231216 20:09:23.155"/>
</kw>
<kw name="Append To List" library="Collections">
<arg>${payloads}</arg>
<arg>${payload}</arg>
<doc>Adds ``values`` to the end of ``list``.</doc>
<status status="PASS" starttime="20231216 20:09:23.155" endtime="20231216 20:09:23.155"/>
</kw>
<status status="PASS" starttime="20231216 20:09:23.145" endtime="20231216 20:09:23.155"/>
</iter>
<iter>
<var name="${row}">{'Id': 25395399, 'IndicatorCode': 'RS_198', 'SpatialDimType': 'COUNTRY', 'SpatialDim': 'SVN', 'TimeDimType': 'YEAR', 'TimeDim': 2018, 'Dim1Type': 'SEX', 'Dim1': 'BTSX', 'Dim2Type': None, 'Dim2': None,...</var>
<kw name="Create Dictionary" library="BuiltIn">
<var>${payload}</var>
<arg>country=${row}[${COUNTRY_KEY}]</arg>
<arg>year=${row}[${YEAR_KEY}]</arg>
<arg>rate=${row}[${RATE_KEY}]</arg>
<doc>Creates and returns a dictionary based on the given ``items``.</doc>
<msg timestamp="20231216 20:09:23.179" level="INFO">${payload} = {'country': 'SVN', 'year': 2018, 'rate': 4.52394}</msg>
<status status="PASS" starttime="20231216 20:09:23.155" endtime="20231216 20:09:23.179"/>
</kw>
<kw name="Append To List" library="Collections">
<arg>${payloads}</arg>
<arg>${payload}</arg>
<doc>Adds ``values`` to the end of ``list``.</doc>
<status status="PASS" starttime="20231216 20:09:23.179" endtime="20231216 20:09:23.179"/>
</kw>
<status status="PASS" starttime="20231216 20:09:23.155" endtime="20231216 20:09:23.179"/>
</iter>
<iter>
<var name="${row}">{'Id': 25386375, 'IndicatorCode': 'RS_198', 'SpatialDimType': 'COUNTRY', 'SpatialDim': 'SGP', 'TimeDimType': 'YEAR', 'TimeDim': 2019, 'Dim1Type': 'SEX', 'Dim1': 'BTSX', 'Dim2Type': None, 'Dim2': None,...</var>
<kw name="Create Dictionary" library="BuiltIn">
<var>${payload}</var>
<arg>country=${row}[${COUNTRY_KEY}]</arg>
<arg>year=${row}[${YEAR_KEY}]</arg>
<arg>rate=${row}[${RATE_KEY}]</arg>
<doc>Creates and returns a dictionary based on the given ``items``.</doc>
<msg timestamp="20231216 20:09:23.185" level="INFO">${payload} = {'country': 'SGP', 'year': 2019, 'rate': 2.08609}</msg>
<status status="PASS" starttime="20231216 20:09:23.183" endtime="20231216 20:09:23.185"/>
</kw>
<kw name="Append To List" library="Collections">
<arg>${payloads}</arg>
<arg>${payload}</arg>
<doc>Adds ``values`` to the end of ``list``.</doc>
<status status="PASS" starttime="20231216 20:09:23.185" endtime="20231216 20:09:23.185"/>
</kw>
<status status="PASS" starttime="20231216 20:09:23.183" endtime="20231216 20:09:23.185"/>
</iter>
<iter>
<var name="${row}">{'Id': 25368358, 'IndicatorCode': 'RS_198', 'SpatialDimType': 'COUNTRY', 'SpatialDim': 'NOR', 'TimeDimType': 'YEAR', 'TimeDim': 2019, 'Dim1Type': 'SEX', 'Dim1': 'BTSX', 'Dim2Type': None, 'Dim2': None,...</var>
<kw name="Create Dictionary" library="BuiltIn">
<var>${payload}</var>
<arg>country=${row}[${COUNTRY_KEY}]</arg>
<arg>year=${row}[${YEAR_KEY}]</arg>
<arg>rate=${row}[${RATE_KEY}]</arg>
<doc>Creates and returns a dictionary based on the given ``items``.</doc>
<msg timestamp="20231216 20:09:23.193" level="INFO">${payload} = {'country': 'NOR', 'year': 2019, 'rate': 2.12302}</msg>
<status status="PASS" starttime="20231216 20:09:23.185" endtime="20231216 20:09:23.193"/>
</kw>
<kw name="Append To List" library="Collections">
<arg>${payloads}</arg>
<arg>${payload}</arg>
<doc>Adds ``values`` to the end of ``list``.</doc>
<status status="PASS" starttime="20231216 20:09:23.193" endtime="20231216 20:09:23.195"/>
</kw>
<status status="PASS" starttime="20231216 20:09:23.185" endtime="20231216 20:09:23.195"/>
</iter>
<iter>
<var name="${row}">{'Id': 25367485, 'IndicatorCode': 'RS_198', 'SpatialDimType': 'COUNTRY', 'SpatialDim': 'NLD', 'TimeDimType': 'YEAR', 'TimeDim': 2019, 'Dim1Type': 'SEX', 'Dim1': 'BTSX', 'Dim2Type': None, 'Dim2': None,...</var>
<kw name="Create Dictionary" library="BuiltIn">
<var>${payload}</var>
<arg>country=${row}[${COUNTRY_KEY}]</arg>
<arg>year=${row}[${YEAR_KEY}]</arg>
<arg>rate=${row}[${RATE_KEY}]</arg>
<doc>Creates and returns a dictionary based on the given ``items``.</doc>
<msg timestamp="20231216 20:09:23.195" level="INFO">${payload} = {'country': 'NLD', 'year': 2019, 'rate': 3.98313}</msg>
<status status="PASS" starttime="20231216 20:09:23.195" endtime="20231216 20:09:23.195"/>
</kw>
<kw name="Append To List" library="Collections">
<arg>${payloads}</arg>
<arg>${payload}</arg>
<doc>Adds ``values`` to the end of ``list``.</doc>
<status status="PASS" starttime="20231216 20:09:23.195" endtime="20231216 20:09:23.195"/>
</kw>
<status status="PASS" starttime="20231216 20:09:23.195" endtime="20231216 20:09:23.195"/>
</iter>
<iter>
<var name="${row}">{'Id': 25355795, 'IndicatorCode': 'RS_198', 'SpatialDimType': 'COUNTRY', 'SpatialDim': 'MLT', 'TimeDimType': 'YEAR', 'TimeDim': 2019, 'Dim1Type': 'SEX', 'Dim1': 'BTSX', 'Dim2Type': None, 'Dim2': None,...</var>
<kw name="Create Dictionary" library="BuiltIn">
<var>${payload}</var>
<arg>country=${row}[${COUNTRY_KEY}]</arg>
<arg>year=${row}[${YEAR_KEY}]</arg>
<arg>rate=${row}[${RATE_KEY}]</arg>
<doc>Creates and returns a dictionary based on the given ``items``.</doc>
<msg timestamp="20231216 20:09:23.206" level="INFO">${payload} = {'country': 'MLT', 'year': 2019, 'rate': 4.10715}</msg>
<status status="PASS" starttime="20231216 20:09:23.203" endtime="20231216 20:09:23.206"/>
</kw>
<kw name="Append To List" library="Collections">
<arg>${payloads}</arg>
<arg>${payload}</arg>
<doc>Adds ``values`` to the end of ``list``.</doc>
<status status="PASS" starttime="20231216 20:09:23.206" endtime="20231216 20:09:23.206"/>
</kw>
<status status="PASS" starttime="20231216 20:09:23.203" endtime="20231216 20:09:23.206"/>
</iter>
<iter>
<var name="${row}">{'Id': 25352172, 'IndicatorCode': 'RS_198', 'SpatialDimType': 'COUNTRY', 'SpatialDim': 'MDV', 'TimeDimType': 'YEAR', 'TimeDim': 2019, 'Dim1Type': 'SEX', 'Dim1': 'BTSX', 'Dim2Type': None, 'Dim2': None,...</var>
<kw name="Create Dictionary" library="BuiltIn">
<var>${payload}</var>
<arg>country=${row}[${COUNTRY_KEY}]</arg>
<arg>year=${row}[${YEAR_KEY}]</arg>
<arg>rate=${row}[${RATE_KEY}]</arg>
<doc>Creates and returns a dictionary based on the given ``items``.</doc>
<msg timestamp="20231216 20:09:23.226" level="INFO">${payload} = {'country': 'MDV', 'year': 2019, 'rate': 1.6277}</msg>
<status status="PASS" starttime="20231216 20:09:23.206" endtime="20231216 20:09:23.226"/>
</kw>
<kw name="Append To List" library="Collections">
<arg>${payloads}</arg>
<arg>${payload}</arg>
<doc>Adds ``values`` to the end of ``list``.</doc>
<status status="PASS" starttime="20231216 20:09:23.226" endtime="20231216 20:09:23.234"/>
</kw>
<status status="PASS" starttime="20231216 20:09:23.206" endtime="20231216 20:09:23.236"/>
</iter>
<iter>
<var name="${row}">{'Id': 25347667, 'IndicatorCode': 'RS_198', 'SpatialDimType': 'COUNTRY', 'SpatialDim': 'LUX', 'TimeDimType': 'YEAR', 'TimeDim': 2019, 'Dim1Type': 'SEX', 'Dim1': 'BTSX', 'Dim2Type': None, 'Dim2': None,...</var>
<kw name="Create Dictionary" library="BuiltIn">
<var>${payload}</var>
<arg>country=${row}[${COUNTRY_KEY}]</arg>
<arg>year=${row}[${YEAR_KEY}]</arg>
<arg>rate=${row}[${RATE_KEY}]</arg>
<doc>Creates and returns a dictionary based on the given ``items``.</doc>
<msg timestamp="20231216 20:09:23.236" level="INFO">${payload} = {'country': 'LUX', 'year': 2019, 'rate': 4.07499}</msg>
<status status="PASS" starttime="20231216 20:09:23.236" endtime="20231216 20:09:23.236"/>
</kw>
<kw name="Append To List" library="Collections">
<arg>${payloads}</arg>
<arg>${payload}</arg>
<doc>Adds ``values`` to the end of ``list``.</doc>
<status status="PASS" starttime="20231216 20:09:23.236" endtime="20231216 20:09:23.236"/>
</kw>
<status status="PASS" starttime="20231216 20:09:23.236" endtime="20231216 20:09:23.236"/>
</iter>
<iter>
<var name="${row}">{'Id': 25344109, 'IndicatorCode': 'RS_198', 'SpatialDimType': 'COUNTRY', 'SpatialDim': 'LCA', 'TimeDimType': 'YEAR', 'TimeDim': 2008, 'Dim1Type': 'SEX', 'Dim1': 'BTSX', 'Dim2Type': None, 'Dim2': None,...</var>
<kw name="Create Dictionary" library="BuiltIn">
<var>${payload}</var>
<arg>country=${row}[${COUNTRY_KEY}]</arg>
<arg>year=${row}[${YEAR_KEY}]</arg>
<arg>rate=${row}[${RATE_KEY}]</arg>
<doc>Creates and returns a dictionary based on the given ``items``.</doc>
<msg timestamp="20231216 20:09:23.246" level="INFO">${payload} = {'country': 'LCA', 'year': 2008, 'rate': 3.52918}</msg>
<status status="PASS" starttime="20231216 20:09:23.244" endtime="20231216 20:09:23.246"/>
</kw>
<kw name="Append To List" library="Collections">
<arg>${payloads}</arg>
<arg>${payload}</arg>
<doc>Adds ``values`` to the end of ``list``.</doc>
<status status="PASS" starttime="20231216 20:09:23.246" endtime="20231216 20:09:23.246"/>
</kw>
<status status="PASS" starttime="20231216 20:09:23.236" endtime="20231216 20:09:23.246"/>
</iter>
<iter>
<var name="${row}">{'Id': 25337776, 'IndicatorCode': 'RS_198', 'SpatialDimType': 'COUNTRY', 'SpatialDim': 'KIR', 'TimeDimType': 'YEAR', 'TimeDim': 2019, 'Dim1Type': 'SEX', 'Dim1': 'BTSX', 'Dim2Type': None, 'Dim2': None,...</var>
<kw name="Create Dictionary" library="BuiltIn">
<var>${payload}</var>
<arg>country=${row}[${COUNTRY_KEY}]</arg>
<arg>year=${row}[${YEAR_KEY}]</arg>
<arg>rate=${row}[${RATE_KEY}]</arg>
<doc>Creates and returns a dictionary based on the given ``items``.</doc>
<msg timestamp="20231216 20:09:23.254" level="INFO">${payload} = {'country': 'KIR', 'year': 2019, 'rate': 1.92481}</msg>
<status status="PASS" starttime="20231216 20:09:23.251" endtime="20231216 20:09:23.254"/>
</kw>
<kw name="Append To List" library="Collections">
<arg>${payloads}</arg>
<arg>${payload}</arg>
<doc>Adds ``values`` to the end of ``list``.</doc>
<status status="PASS" starttime="20231216 20:09:23.256" endtime="20231216 20:09:23.256"/>
</kw>
<status status="PASS" starttime="20231216 20:09:23.251" endtime="20231216 20:09:23.256"/>
</iter>
<iter>
<var name="${row}">{'Id': 25333279, 'IndicatorCode': 'RS_198', 'SpatialDimType': 'COUNTRY', 'SpatialDim': 'JPN', 'TimeDimType': 'YEAR', 'TimeDim': 2019, 'Dim1Type': 'SEX', 'Dim1': 'BTSX', 'Dim2Type': None, 'Dim2': None,...</var>
<kw name="Create Dictionary" library="BuiltIn">
<var>${payload}</var>
<arg>country=${row}[${COUNTRY_KEY}]</arg>
<arg>year=${row}[${YEAR_KEY}]</arg>
<arg>rate=${row}[${RATE_KEY}]</arg>
<doc>Creates and returns a dictionary based on the given ``items``.</doc>
<msg timestamp="20231216 20:09:23.256" level="INFO">${payload} = {'country': 'JPN', 'year': 2019, 'rate': 3.59908}</msg>
<status status="PASS" starttime="20231216 20:09:23.256" endtime="20231216 20:09:23.256"/>
</kw>
<kw name="Append To List" library="Collections">
<arg>${payloads}</arg>
<arg>${payload}</arg>
<doc>Adds ``values`` to the end of ``list``.</doc>
<status status="PASS" starttime="20231216 20:09:23.256" endtime="20231216 20:09:23.256"/>
</kw>
<status status="PASS" starttime="20231216 20:09:23.256" endtime="20231216 20:09:23.286"/>
</iter>
<iter>
<var name="${row}">{'Id': 25329697, 'IndicatorCode': 'RS_198', 'SpatialDimType': 'COUNTRY', 'SpatialDim': 'ISR', 'TimeDimType': 'YEAR', 'TimeDim': 2019, 'Dim1Type': 'SEX', 'Dim1': 'BTSX', 'Dim2Type': None, 'Dim2': None,...</var>
<kw name="Create Dictionary" library="BuiltIn">
<var>${payload}</var>
<arg>country=${row}[${COUNTRY_KEY}]</arg>
<arg>year=${row}[${YEAR_KEY}]</arg>
<arg>rate=${row}[${RATE_KEY}]</arg>
<doc>Creates and returns a dictionary based on the given ``items``.</doc>
<msg timestamp="20231216 20:09:23.286" level="INFO">${payload} = {'country': 'ISR', 'year': 2019, 'rate': 3.90874}</msg>
<status status="PASS" starttime="20231216 20:09:23.286" endtime="20231216 20:09:23.286"/>
</kw>
<kw name="Append To List" library="Collections">
<arg>${payloads}</arg>
<arg>${payload}</arg>
<doc>Adds ``values`` to the end of ``list``.</doc>
<status status="PASS" starttime="20231216 20:09:23.294" endtime="20231216 20:09:23.296"/>
</kw>
<status status="PASS" starttime="20231216 20:09:23.286" endtime="20231216 20:09:23.296"/>
</iter>
<iter>
<var name="${row}">{'Id': 25328814, 'IndicatorCode': 'RS_198', 'SpatialDimType': 'COUNTRY', 'SpatialDim': 'ISL', 'TimeDimType': 'YEAR', 'TimeDim': 2019, 'Dim1Type': 'SEX', 'Dim1': 'BTSX', 'Dim2Type': None, 'Dim2': None,...</var>
<kw name="Create Dictionary" library="BuiltIn">
<var>${payload}</var>
<arg>country=${row}[${COUNTRY_KEY}]</arg>
<arg>year=${row}[${YEAR_KEY}]</arg>
<arg>rate=${row}[${RATE_KEY}]</arg>
<doc>Creates and returns a dictionary based on the given ``items``.</doc>
<msg timestamp="20231216 20:09:23.296" level="INFO">${payload} = {'country': 'ISL', 'year': 2019, 'rate': 2.04915}</msg>
<status status="PASS" starttime="20231216 20:09:23.296" endtime="20231216 20:09:23.296"/>
</kw>
<kw name="Append To List" library="Collections">
<arg>${payloads}</arg>
<arg>${payload}</arg>
<doc>Adds ``values`` to the end of ``list``.</doc>
<status status="PASS" starttime="20231216 20:09:23.296" endtime="20231216 20:09:23.296"/>
</kw>
<status status="PASS" starttime="20231216 20:09:23.296" endtime="20231216 20:09:23.304"/>
</iter>
<iter>
<var name="${row}">{'Id': 25326084, 'IndicatorCode': 'RS_198', 'SpatialDimType': 'COUNTRY', 'SpatialDim': 'IRL', 'TimeDimType': 'YEAR', 'TimeDim': 2019, 'Dim1Type': 'SEX', 'Dim1': 'BTSX', 'Dim2Type': None, 'Dim2': None,...</var>
<kw name="Create Dictionary" library="BuiltIn">
<var>${payload}</var>
<arg>country=${row}[${COUNTRY_KEY}]</arg>
<arg>year=${row}[${YEAR_KEY}]</arg>
<arg>rate=${row}[${RATE_KEY}]</arg>
<doc>Creates and returns a dictionary based on the given ``items``.</doc>
<msg timestamp="20231216 20:09:23.306" level="INFO">${payload} = {'country': 'IRL', 'year': 2019, 'rate': 3.13364}</msg>
<status status="PASS" starttime="20231216 20:09:23.306" endtime="20231216 20:09:23.306"/>
</kw>
<kw name="Append To List" library="Collections">
<arg>${payloads}</arg>
<arg>${payload}</arg>
<doc>Adds ``values`` to the end of ``list``.</doc>
<status status="PASS" starttime="20231216 20:09:23.306" endtime="20231216 20:09:23.306"/>
</kw>
<status status="PASS" starttime="20231216 20:09:23.304" endtime="20231216 20:09:23.306"/>
</iter>
<iter>
<var name="${row}">{'Id': 25318901, 'IndicatorCode': 'RS_198', 'SpatialDimType': 'COUNTRY', 'SpatialDim': 'GTM', 'TimeDimType': 'YEAR', 'TimeDim': 2006, 'Dim1Type': 'SEX', 'Dim1': 'BTSX', 'Dim2Type': None, 'Dim2': None,...</var>
<kw name="Create Dictionary" library="BuiltIn">
<var>${payload}</var>
<arg>country=${row}[${COUNTRY_KEY}]</arg>
<arg>year=${row}[${YEAR_KEY}]</arg>
<arg>rate=${row}[${RATE_KEY}]</arg>
<doc>Creates and returns a dictionary based on the given ``items``.</doc>
<msg timestamp="20231216 20:09:23.316" level="INFO">${payload} = {'country': 'GTM', 'year': 2006, 'rate': 4.61297}</msg>
<status status="PASS" starttime="20231216 20:09:23.314" endtime="20231216 20:09:23.316"/>
</kw>
<kw name="Append To List" library="Collections">
<arg>${payloads}</arg>
<arg>${payload}</arg>
<doc>Adds ``values`` to the end of ``list``.</doc>
<status status="PASS" starttime="20231216 20:09:23.316" endtime="20231216 20:09:23.316"/>
</kw>
<status status="PASS" starttime="20231216 20:09:23.306" endtime="20231216 20:09:23.316"/>
</iter>
<iter>
<var name="${row}">{'Id': 25317960, 'IndicatorCode': 'RS_198', 'SpatialDimType': 'COUNTRY', 'SpatialDim': 'GRD', 'TimeDimType': 'YEAR', 'TimeDim': 2014, 'Dim1Type': 'SEX', 'Dim1': 'BTSX', 'Dim2Type': None, 'Dim2': None,...</var>
<kw name="Create Dictionary" library="BuiltIn">
<var>${payload}</var>
<arg>country=${row}[${COUNTRY_KEY}]</arg>
<arg>year=${row}[${YEAR_KEY}]</arg>
<arg>rate=${row}[${RATE_KEY}]</arg>
<doc>Creates and returns a dictionary based on the given ``items``.</doc>
<msg timestamp="20231216 20:09:23.334" level="INFO">${payload} = {'country': 'GRD', 'year': 2014, 'rate': 4.59137}</msg>
<status status="PASS" starttime="20231216 20:09:23.316" endtime="20231216 20:09:23.334"/>
</kw>
<kw name="Append To List" library="Collections">
<arg>${payloads}</arg>
<arg>${payload}</arg>
<doc>Adds ``values`` to the end of ``list``.</doc>
<status status="PASS" starttime="20231216 20:09:23.334" endtime="20231216 20:09:23.336"/>
</kw>
<status status="PASS" starttime="20231216 20:09:23.316" endtime="20231216 20:09:23.336"/>
</iter>
<iter>
<var name="${row}">{'Id': 25310762, 'IndicatorCode': 'RS_198', 'SpatialDimType': 'COUNTRY', 'SpatialDim': 'GBR', 'TimeDimType': 'YEAR', 'TimeDim': 2019, 'Dim1Type': 'SEX', 'Dim1': 'BTSX', 'Dim2Type': None, 'Dim2': None,...</var>
<kw name="Create Dictionary" library="BuiltIn">
<var>${payload}</var>
<arg>country=${row}[${COUNTRY_KEY}]</arg>
<arg>year=${row}[${YEAR_KEY}]</arg>
<arg>rate=${row}[${RATE_KEY}]</arg>
<doc>Creates and returns a dictionary based on the given ``items``.</doc>
<msg timestamp="20231216 20:09:23.336" level="INFO">${payload} = {'country': 'GBR', 'year': 2019, 'rate': 3.21187}</msg>
<status status="PASS" starttime="20231216 20:09:23.336" endtime="20231216 20:09:23.336"/>
</kw>
<kw name="Append To List" library="Collections">
<arg>${payloads}</arg>
<arg>${payload}</arg>
<doc>Adds ``values`` to the end of ``list``.</doc>
<status status="PASS" starttime="20231216 20:09:23.345" endtime="20231216 20:09:23.345"/>
</kw>
<status status="PASS" starttime="20231216 20:09:23.336" endtime="20231216 20:09:23.347"/>
</iter>
<iter>
<var name="${row}">{'Id': 25308972, 'IndicatorCode': 'RS_198', 'SpatialDimType': 'COUNTRY', 'SpatialDim': 'FSM', 'TimeDimType': 'YEAR', 'TimeDim': 2019, 'Dim1Type': 'SEX', 'Dim1': 'BTSX', 'Dim2Type': None, 'Dim2': None,...</var>
<kw name="Create Dictionary" library="BuiltIn">
<var>${payload}</var>
<arg>country=${row}[${COUNTRY_KEY}]</arg>
<arg>year=${row}[${YEAR_KEY}]</arg>
<arg>rate=${row}[${RATE_KEY}]</arg>
<doc>Creates and returns a dictionary based on the given ``items``.</doc>
<msg timestamp="20231216 20:09:23.347" level="INFO">${payload} = {'country': 'FSM', 'year': 2019, 'rate': 0.15972}</msg>
<status status="PASS" starttime="20231216 20:09:23.347" endtime="20231216 20:09:23.347"/>
</kw>
<kw name="Append To List" library="Collections">
<arg>${payloads}</arg>
<arg>${payload}</arg>
<doc>Adds ``values`` to the end of ``list``.</doc>
<status status="PASS" starttime="20231216 20:09:23.347" endtime="20231216 20:09:23.355"/>
</kw>
<status status="PASS" starttime="20231216 20:09:23.347" endtime="20231216 20:09:23.355"/>
</iter>
<iter>
<var name="${row}">{'Id': 25306262, 'IndicatorCode': 'RS_198', 'SpatialDimType': 'COUNTRY', 'SpatialDim': 'FIN', 'TimeDimType': 'YEAR', 'TimeDim': 2019, 'Dim1Type': 'SEX', 'Dim1': 'BTSX', 'Dim2Type': None, 'Dim2': None,...</var>
<kw name="Create Dictionary" library="BuiltIn">
<var>${payload}</var>
<arg>country=${row}[${COUNTRY_KEY}]</arg>
<arg>year=${row}[${YEAR_KEY}]</arg>
<arg>rate=${row}[${RATE_KEY}]</arg>
<doc>Creates and returns a dictionary based on the given ``items``.</doc>
<msg timestamp="20231216 20:09:23.357" level="INFO">${payload} = {'country': 'FIN', 'year': 2019, 'rate': 3.88637}</msg>
<status status="PASS" starttime="20231216 20:09:23.357" endtime="20231216 20:09:23.357"/>
</kw>
<kw name="Append To List" library="Collections">
<arg>${payloads}</arg>
<arg>${payload}</arg>
<doc>Adds ``values`` to the end of ``list``.</doc>
<status status="PASS" starttime="20231216 20:09:23.357" endtime="20231216 20:09:23.357"/>
</kw>
<status status="PASS" starttime="20231216 20:09:23.355" endtime="20231216 20:09:23.357"/>
</iter>
<iter>
<var name="${row}">{'Id': 25304500, 'IndicatorCode': 'RS_198', 'SpatialDimType': 'COUNTRY', 'SpatialDim': 'EST', 'TimeDimType': 'YEAR', 'TimeDim': 2019, 'Dim1Type': 'SEX', 'Dim1': 'BTSX', 'Dim2Type': None, 'Dim2': None,...</var>
<kw name="Create Dictionary" library="BuiltIn">
<var>${payload}</var>
<arg>country=${row}[${COUNTRY_KEY}]</arg>
<arg>year=${row}[${YEAR_KEY}]</arg>
<arg>rate=${row}[${RATE_KEY}]</arg>
<doc>Creates and returns a dictionary based on the given ``items``.</doc>
<msg timestamp="20231216 20:09:23.385" level="INFO">${payload} = {'country': 'EST', 'year': 2019, 'rate': 4.46408}</msg>
<status status="PASS" starttime="20231216 20:09:23.365" endtime="20231216 20:09:23.385"/>
</kw>
<kw name="Append To List" library="Collections">
<arg>${payloads}</arg>
<arg>${payload}</arg>
<doc>Adds ``values`` to the end of ``list``.</doc>
<status status="PASS" starttime="20231216 20:09:23.386" endtime="20231216 20:09:23.387"/>
</kw>
<status status="PASS" starttime="20231216 20:09:23.357" endtime="20231216 20:09:23.388"/>
</iter>
<iter>
<var name="${row}">{'Id': 25303612, 'IndicatorCode': 'RS_198', 'SpatialDimType': 'COUNTRY', 'SpatialDim': 'ESP', 'TimeDimType': 'YEAR', 'TimeDim': 2019, 'Dim1Type': 'SEX', 'Dim1': 'BTSX', 'Dim2Type': None, 'Dim2': None,...</var>
<kw name="Create Dictionary" library="BuiltIn">
<var>${payload}</var>
<arg>country=${row}[${COUNTRY_KEY}]</arg>
<arg>year=${row}[${YEAR_KEY}]</arg>
<arg>rate=${row}[${RATE_KEY}]</arg>
<doc>Creates and returns a dictionary based on the given ``items``.</doc>
<msg timestamp="20231216 20:09:23.391" level="INFO">${payload} = {'country': 'ESP', 'year': 2019, 'rate': 3.91405}</msg>
<status status="PASS" starttime="20231216 20:09:23.389" endtime="20231216 20:09:23.392"/>
</kw>
<kw name="Append To List" library="Collections">
<arg>${payloads}</arg>
<arg>${payload}</arg>
<doc>Adds ``values`` to the end of ``list``.</doc>
<status status="PASS" starttime="20231216 20:09:23.394" endtime="20231216 20:09:23.395"/>
</kw>
<status status="PASS" starttime="20231216 20:09:23.388" endtime="20231216 20:09:23.396"/>
</iter>
<iter>
<var name="${row}">{'Id': 25298206, 'IndicatorCode': 'RS_198', 'SpatialDimType': 'COUNTRY', 'SpatialDim': 'DNK', 'TimeDimType': 'YEAR', 'TimeDim': 2019, 'Dim1Type': 'SEX', 'Dim1': 'BTSX', 'Dim2Type': None, 'Dim2': None,...</var>
<kw name="Create Dictionary" library="BuiltIn">
<var>${payload}</var>
<arg>country=${row}[${COUNTRY_KEY}]</arg>
<arg>year=${row}[${YEAR_KEY}]</arg>
<arg>rate=${row}[${RATE_KEY}]</arg>
<doc>Creates and returns a dictionary based on the given ``items``.</doc>
<msg timestamp="20231216 20:09:23.399" level="INFO">${payload} = {'country': 'DNK', 'year': 2019, 'rate': 3.69833}</msg>
<status status="PASS" starttime="20231216 20:09:23.398" endtime="20231216 20:09:23.399"/>
</kw>
<kw name="Append To List" library="Collections">
<arg>${payloads}</arg>
<arg>${payload}</arg>
<doc>Adds ``values`` to the end of ``list``.</doc>
<status status="PASS" starttime="20231216 20:09:23.399" endtime="20231216 20:09:23.399"/>
</kw>
<status status="PASS" starttime="20231216 20:09:23.397" endtime="20231216 20:09:23.405"/>
</iter>
<iter>
<var name="${row}">{'Id': 25296399, 'IndicatorCode': 'RS_198', 'SpatialDimType': 'COUNTRY', 'SpatialDim': 'DEU', 'TimeDimType': 'YEAR', 'TimeDim': 2019, 'Dim1Type': 'SEX', 'Dim1': 'BTSX', 'Dim2Type': None, 'Dim2': None,...</var>
<kw name="Create Dictionary" library="BuiltIn">
<var>${payload}</var>
<arg>country=${row}[${COUNTRY_KEY}]</arg>
<arg>year=${row}[${YEAR_KEY}]</arg>
<arg>rate=${row}[${RATE_KEY}]</arg>
<doc>Creates and returns a dictionary based on the given ``items``.</doc>
<msg timestamp="20231216 20:09:23.407" level="INFO">${payload} = {'country': 'DEU', 'year': 2019, 'rate': 3.78353}</msg>
<status status="PASS" starttime="20231216 20:09:23.407" endtime="20231216 20:09:23.407"/>
</kw>
<kw name="Append To List" library="Collections">
<arg>${payloads}</arg>
<arg>${payload}</arg>
<doc>Adds ``values`` to the end of ``list``.</doc>
<status status="PASS" starttime="20231216 20:09:23.407" endtime="20231216 20:09:23.407"/>
</kw>
<status status="PASS" starttime="20231216 20:09:23.405" endtime="20231216 20:09:23.407"/>
</iter>
<iter>
<var name="${row}">{'Id': 25294595, 'IndicatorCode': 'RS_198', 'SpatialDimType': 'COUNTRY', 'SpatialDim': 'CYP', 'TimeDimType': 'YEAR', 'TimeDim': 2013, 'Dim1Type': 'SEX', 'Dim1': 'BTSX', 'Dim2Type': None, 'Dim2': None,...</var>
<kw name="Create Dictionary" library="BuiltIn">
<var>${payload}</var>
<arg>country=${row}[${COUNTRY_KEY}]</arg>
<arg>year=${row}[${YEAR_KEY}]</arg>
<arg>rate=${row}[${RATE_KEY}]</arg>
<doc>Creates and returns a dictionary based on the given ``items``.</doc>
<msg timestamp="20231216 20:09:23.417" level="INFO">${payload} = {'country': 'CYP', 'year': 2013, 'rate': 4.9831}</msg>
<status status="PASS" starttime="20231216 20:09:23.415" endtime="20231216 20:09:23.417"/>
</kw>
<kw name="Append To List" library="Collections">
<arg>${payloads}</arg>
<arg>${payload}</arg>
<doc>Adds ``values`` to the end of ``list``.</doc>
<status status="PASS" starttime="20231216 20:09:23.417" endtime="20231216 20:09:23.417"/>
</kw>
<status status="PASS" starttime="20231216 20:09:23.415" endtime="20231216 20:09:23.417"/>
</iter>
<iter>
<var name="${row}">{'Id': 25283809, 'IndicatorCode': 'RS_198', 'SpatialDimType': 'COUNTRY', 'SpatialDim': 'CHE', 'TimeDimType': 'YEAR', 'TimeDim': 2019, 'Dim1Type': 'SEX', 'Dim1': 'BTSX', 'Dim2Type': None, 'Dim2': None,...</var>
<kw name="Create Dictionary" library="BuiltIn">
<var>${payload}</var>
<arg>country=${row}[${COUNTRY_KEY}]</arg>
<arg>year=${row}[${YEAR_KEY}]</arg>
<arg>rate=${row}[${RATE_KEY}]</arg>
<doc>Creates and returns a dictionary based on the given ``items``.</doc>
<msg timestamp="20231216 20:09:23.445" level="INFO">${payload} = {'country': 'CHE', 'year': 2019, 'rate': 2.24644}</msg>
<status status="PASS" starttime="20231216 20:09:23.425" endtime="20231216 20:09:23.445"/>
</kw>
<kw name="Append To List" library="Collections">
<arg>${payloads}</arg>
<arg>${payload}</arg>
<doc>Adds ``values`` to the end of ``list``.</doc>
<status status="PASS" starttime="20231216 20:09:23.445" endtime="20231216 20:09:23.447"/>
</kw>
<status status="PASS" starttime="20231216 20:09:23.417" endtime="20231216 20:09:23.447"/>
</iter>
<iter>
<var name="${row}">{'Id': 25264908, 'IndicatorCode': 'RS_198', 'SpatialDimType': 'COUNTRY', 'SpatialDim': 'AUT', 'TimeDimType': 'YEAR', 'TimeDim': 2019, 'Dim1Type': 'SEX', 'Dim1': 'BTSX', 'Dim2Type': None, 'Dim2': None,...</var>
<kw name="Create Dictionary" library="BuiltIn">
<var>${payload}</var>
<arg>country=${row}[${COUNTRY_KEY}]</arg>
<arg>year=${row}[${YEAR_KEY}]</arg>
<arg>rate=${row}[${RATE_KEY}]</arg>
<doc>Creates and returns a dictionary based on the given ``items``.</doc>
<msg timestamp="20231216 20:09:23.447" level="INFO">${payload} = {'country': 'AUT', 'year': 2019, 'rate': 4.86592}</msg>
<status status="PASS" starttime="20231216 20:09:23.447" endtime="20231216 20:09:23.455"/>
</kw>
<kw name="Append To List" library="Collections">
<arg>${payloads}</arg>
<arg>${payload}</arg>
<doc>Adds ``values`` to the end of ``list``.</doc>
<status status="PASS" starttime="20231216 20:09:23.455" endtime="20231216 20:09:23.457"/>
</kw>
<status status="PASS" starttime="20231216 20:09:23.447" endtime="20231216 20:09:23.457"/>
</iter>
<iter>
<var name="${row}">{'Id': 25263981, 'IndicatorCode': 'RS_198', 'SpatialDimType': 'COUNTRY', 'SpatialDim': 'AUS', 'TimeDimType': 'YEAR', 'TimeDim': 2019, 'Dim1Type': 'SEX', 'Dim1': 'BTSX', 'Dim2Type': None, 'Dim2': None,...</var>
<kw name="Create Dictionary" library="BuiltIn">
<var>${payload}</var>
<arg>country=${row}[${COUNTRY_KEY}]</arg>
<arg>year=${row}[${YEAR_KEY}]</arg>
<arg>rate=${row}[${RATE_KEY}]</arg>
<doc>Creates and returns a dictionary based on the given ``items``.</doc>
<msg timestamp="20231216 20:09:23.457" level="INFO">${payload} = {'country': 'AUS', 'year': 2019, 'rate': 4.93914}</msg>
<status status="PASS" starttime="20231216 20:09:23.457" endtime="20231216 20:09:23.457"/>
</kw>
<kw name="Append To List" library="Collections">
<arg>${payloads}</arg>
<arg>${payload}</arg>
<doc>Adds ``values`` to the end of ``list``.</doc>
<status status="PASS" starttime="20231216 20:09:23.457" endtime="20231216 20:09:23.465"/>
</kw>
<status status="PASS" starttime="20231216 20:09:23.457" endtime="20231216 20:09:23.465"/>
</iter>
<iter>
<var name="${row}">{'Id': 25263077, 'IndicatorCode': 'RS_198', 'SpatialDimType': 'COUNTRY', 'SpatialDim': 'ATG', 'TimeDimType': 'YEAR', 'TimeDim': 2019, 'Dim1Type': 'SEX', 'Dim1': 'BTSX', 'Dim2Type': None, 'Dim2': None,...</var>
<kw name="Create Dictionary" library="BuiltIn">
<var>${payload}</var>
<arg>country=${row}[${COUNTRY_KEY}]</arg>
<arg>year=${row}[${YEAR_KEY}]</arg>
<arg>rate=${row}[${RATE_KEY}]</arg>
<doc>Creates and returns a dictionary based on the given ``items``.</doc>
<msg timestamp="20231216 20:09:23.473" level="INFO">${payload} = {'country': 'ATG', 'year': 2019, 'rate': 0.0}</msg>
<status status="PASS" starttime="20231216 20:09:23.469" endtime="20231216 20:09:23.474"/>
</kw>
<kw name="Append To List" library="Collections">
<arg>${payloads}</arg>
<arg>${payload}</arg>
<doc>Adds ``values`` to the end of ``list``.</doc>
<status status="PASS" starttime="20231216 20:09:23.474" endtime="20231216 20:09:23.475"/>
</kw>
<status status="PASS" starttime="20231216 20:09:23.468" endtime="20231216 20:09:23.476"/>
</iter>
<status status="PASS" starttime="20231216 20:09:23.135" endtime="20231216 20:09:23.477"/>
</for>
<return>
<value>${payloads}</value>
<status status="PASS" starttime="20231216 20:09:23.478" endtime="20231216 20:09:23.478"/>
</return>
<msg timestamp="20231216 20:09:23.479" level="INFO">${payloads} = [{'country': 'VCT', 'year': 2011, 'rate': 3.69293}, {'country': 'SWError', 'year': 2019, 'rate': 3.13947}, {'country': 'SWE', 'year': 2018, 'rate': 3.61718}, {'country': 'SVN', 'year': 2018, 'rate': 4...</msg>
<status status="PASS" starttime="20231216 20:09:23.125" endtime="20231216 20:09:23.480"/>
</kw>
<kw name="Save work item payloads">
<arg>${payloads}</arg>
<for flavor="IN">
<var>${payload}</var>
<value>@{payloads}</value>
<iter>
<var name="${payload}">{'country': 'VCT', 'year': 2011, 'rate': 3.69293}</var>
<kw name="Save work item payload">
<arg>${payload}</arg>
<kw name="Create Dictionary" library="BuiltIn">
<var>${variables}</var>
<arg>traffic_data=${payload}</arg>
<doc>Creates and returns a dictionary based on the given ``items``.</doc>
<msg timestamp="20231216 20:09:23.489" level="INFO">${variables} = {'traffic_data': {'country': 'VCT', 'year': 2011, 'rate': 3.69293}}</msg>
<status status="PASS" starttime="20231216 20:09:23.487" endtime="20231216 20:09:23.489"/>
</kw>
<kw name="Create Output Work Item" library="RPA.Robocorp.WorkItems">
<arg>variables=${variables}</arg>
<arg>save=True</arg>
<doc>Create a new output work item with optional variables and files.</doc>
<msg timestamp="20231216 20:09:23.496" level="INFO">traffic_data = {'country': 'VCT', 'year': 2011, 'rate': 3.69293}</msg>
<msg timestamp="20231216 20:09:23.509" level="INFO">Saved into output file: D:\_PROJECTS\Robocorp projects\inhuman-insurance-inc-ais-robot\devdata\work-items-out\run-1\work-items.json</msg>
<status status="PASS" starttime="20231216 20:09:23.489" endtime="20231216 20:09:23.509"/>
</kw>
<status status="PASS" starttime="20231216 20:09:23.486" endtime="20231216 20:09:23.510"/>
</kw>
<status status="PASS" starttime="20231216 20:09:23.485" endtime="20231216 20:09:23.511"/>
</iter>
<iter>
<var name="${payload}">{'country': 'SWError', 'year': 2019, 'rate': 3.13947}</var>
<kw name="Save work item payload">
<arg>${payload}</arg>
<kw name="Create Dictionary" library="BuiltIn">
<var>${variables}</var>
<arg>traffic_data=${payload}</arg>
<doc>Creates and returns a dictionary based on the given ``items``.</doc>
<msg timestamp="20231216 20:09:23.527" level="INFO">${variables} = {'traffic_data': {'country': 'SWError', 'year': 2019, 'rate': 3.13947}}</msg>
<status status="PASS" starttime="20231216 20:09:23.525" endtime="20231216 20:09:23.528"/>
</kw>
<kw name="Create Output Work Item" library="RPA.Robocorp.WorkItems">
<arg>variables=${variables}</arg>
<arg>save=True</arg>
<doc>Create a new output work item with optional variables and files.</doc>
<msg timestamp="20231216 20:09:23.550" level="INFO">traffic_data = {'country': 'SWError', 'year': 2019, 'rate': 3.13947}</msg>
<msg timestamp="20231216 20:09:23.550" level="INFO">Saved into output file: D:\_PROJECTS\Robocorp projects\inhuman-insurance-inc-ais-robot\devdata\work-items-out\run-1\work-items.json</msg>
<status status="PASS" starttime="20231216 20:09:23.529" endtime="20231216 20:09:23.550"/>
</kw>
<status status="PASS" starttime="20231216 20:09:23.512" endtime="20231216 20:09:23.550"/>
</kw>
<status status="PASS" starttime="20231216 20:09:23.511" endtime="20231216 20:09:23.550"/>
</iter>
<iter>
<var name="${payload}">{'country': 'SWE', 'year': 2018, 'rate': 3.61718}</var>
<kw name="Save work item payload">
<arg>${payload}</arg>
<kw name="Create Dictionary" library="BuiltIn">
<var>${variables}</var>
<arg>traffic_data=${payload}</arg>
<doc>Creates and returns a dictionary based on the given ``items``.</doc>
<msg timestamp="20231216 20:09:23.559" level="INFO">${variables} = {'traffic_data': {'country': 'SWE', 'year': 2018, 'rate': 3.61718}}</msg>
<status status="PASS" starttime="20231216 20:09:23.559" endtime="20231216 20:09:23.559"/>
</kw>
<kw name="Create Output Work Item" library="RPA.Robocorp.WorkItems">
<arg>variables=${variables}</arg>
<arg>save=True</arg>
<doc>Create a new output work item with optional variables and files.</doc>
<msg timestamp="20231216 20:09:23.565" level="INFO">traffic_data = {'country': 'SWE', 'year': 2018, 'rate': 3.61718}</msg>
<msg timestamp="20231216 20:09:23.567" level="INFO">Saved into output file: D:\_PROJECTS\Robocorp projects\inhuman-insurance-inc-ais-robot\devdata\work-items-out\run-1\work-items.json</msg>
<status status="PASS" starttime="20231216 20:09:23.559" endtime="20231216 20:09:23.568"/>
</kw>
<status status="PASS" starttime="20231216 20:09:23.557" endtime="20231216 20:09:23.568"/>
</kw>
<status status="PASS" starttime="20231216 20:09:23.557" endtime="20231216 20:09:23.569"/>
</iter>
<iter>
<var name="${payload}">{'country': 'SVN', 'year': 2018, 'rate': 4.52394}</var>
<kw name="Save work item payload">
<arg>${payload}</arg>
<kw name="Create Dictionary" library="BuiltIn">
<var>${variables}</var>
<arg>traffic_data=${payload}</arg>
<doc>Creates and returns a dictionary based on the given ``items``.</doc>
<msg timestamp="20231216 20:09:23.574" level="INFO">${variables} = {'traffic_data': {'country': 'SVN', 'year': 2018, 'rate': 4.52394}}</msg>
<status status="PASS" starttime="20231216 20:09:23.572" endtime="20231216 20:09:23.574"/>
</kw>
<kw name="Create Output Work Item" library="RPA.Robocorp.WorkItems">
<arg>variables=${variables}</arg>
<arg>save=True</arg>
<doc>Create a new output work item with optional variables and files.</doc>
<msg timestamp="20231216 20:09:23.578" level="INFO">traffic_data = {'country': 'SVN', 'year': 2018, 'rate': 4.52394}</msg>
<msg timestamp="20231216 20:09:23.585" level="INFO">Saved into output file: D:\_PROJECTS\Robocorp projects\inhuman-insurance-inc-ais-robot\devdata\work-items-out\run-1\work-items.json</msg>
<status status="PASS" starttime="20231216 20:09:23.575" endtime="20231216 20:09:23.586"/>
</kw>
<status status="PASS" starttime="20231216 20:09:23.570" endtime="20231216 20:09:23.587"/>
</kw>
<status status="PASS" starttime="20231216 20:09:23.570" endtime="20231216 20:09:23.588"/>
</iter>
<iter>
<var name="${payload}">{'country': 'SGP', 'year': 2019, 'rate': 2.08609}</var>
<kw name="Save work item payload">
<arg>${payload}</arg>
<kw name="Create Dictionary" library="BuiltIn">
<var>${variables}</var>
<arg>traffic_data=${payload}</arg>
<doc>Creates and returns a dictionary based on the given ``items``.</doc>
<msg timestamp="20231216 20:09:23.593" level="INFO">${variables} = {'traffic_data': {'country': 'SGP', 'year': 2019, 'rate': 2.08609}}</msg>
<status status="PASS" starttime="20231216 20:09:23.592" endtime="20231216 20:09:23.594"/>
</kw>
<kw name="Create Output Work Item" library="RPA.Robocorp.WorkItems">
<arg>variables=${variables}</arg>
<arg>save=True</arg>
<doc>Create a new output work item with optional variables and files.</doc>
<msg timestamp="20231216 20:09:23.596" level="INFO">traffic_data = {'country': 'SGP', 'year': 2019, 'rate': 2.08609}</msg>
<msg timestamp="20231216 20:09:23.609" level="INFO">Saved into output file: D:\_PROJECTS\Robocorp projects\inhuman-insurance-inc-ais-robot\devdata\work-items-out\run-1\work-items.json</msg>
[...]
<var>${variables}</var>
<arg>traffic_data=${payload}</arg>
<doc>Creates and returns a dictionary based on the given ``items``.</doc>
<msg timestamp="20231216 20:09:23.867" level="INFO">${variables} = {'traffic_data': {'country': 'GTM', 'year': 2006, 'rate': 4.61297}}</msg>
<status status="PASS" starttime="20231216 20:09:23.864" endtime="20231216 20:09:23.867"/>
</kw>
<kw name="Create Output Work Item" library="RPA.Robocorp.WorkItems">
<arg>variables=${variables}</arg>
<arg>save=True</arg>
<doc>Create a new output work item with optional variables and files.</doc>
<msg timestamp="20231216 20:09:23.903" level="INFO">traffic_data = {'country': 'GTM', 'year': 2006, 'rate': 4.61297}</msg>
<msg timestamp="20231216 20:09:23.906" level="INFO">Saved into output file: D:\_PROJECTS\Robocorp projects\inhuman-insurance-inc-ais-robot\devdata\work-items-out\run-1\work-items.json</msg>
<status status="PASS" starttime="20231216 20:09:23.900" endtime="20231216 20:09:23.906"/>
</kw>
<status status="PASS" starttime="20231216 20:09:23.863" endtime="20231216 20:09:23.907"/>
</kw>
<status status="PASS" starttime="20231216 20:09:23.862" endtime="20231216 20:09:23.908"/>
</iter>
<iter>
<var name="${payload}">{'country': 'GRD', 'year': 2014, 'rate': 4.59137}</var>
<kw name="Save work item payload">
<arg>${payload}</arg>
<kw name="Create Dictionary" library="BuiltIn">
<var>${variables}</var>
<arg>traffic_data=${payload}</arg>
<doc>Creates and returns a dictionary based on the given ``items``.</doc>
<msg timestamp="20231216 20:09:23.913" level="INFO">${variables} = {'traffic_data': {'country': 'GRD', 'year': 2014, 'rate': 4.59137}}</msg>
<status status="PASS" starttime="20231216 20:09:23.911" endtime="20231216 20:09:23.913"/>
</kw>
<kw name="Create Output Work Item" library="RPA.Robocorp.WorkItems">
<arg>variables=${variables}</arg>
<arg>save=True</arg>
<doc>Create a new output work item with optional variables and files.</doc>
<msg timestamp="20231216 20:09:23.918" level="INFO">traffic_data = {'country': 'GRD', 'year': 2014, 'rate': 4.59137}</msg>
<msg timestamp="20231216 20:09:23.922" level="INFO">Saved into output file: D:\_PROJECTS\Robocorp projects\inhuman-insurance-inc-ais-robot\devdata\work-items-out\run-1\work-items.json</msg>
<status status="PASS" starttime="20231216 20:09:23.915" endtime="20231216 20:09:23.923"/>
</kw>
<status status="PASS" starttime="20231216 20:09:23.909" endtime="20231216 20:09:23.923"/>
</kw>
<status status="PASS" starttime="20231216 20:09:23.909" endtime="20231216 20:09:23.924"/>
</iter>
<iter>
<var name="${payload}">{'country': 'GBR', 'year': 2019, 'rate': 3.21187}</var>
<kw name="Save work item payload">
<arg>${payload}</arg>
<kw name="Create Dictionary" library="BuiltIn">
<var>${variables}</var>
<arg>traffic_data=${payload}</arg>
<doc>Creates and returns a dictionary based on the given ``items``.</doc>
<msg timestamp="20231216 20:09:23.929" level="INFO">${variables} = {'traffic_data': {'country': 'GBR', 'year': 2019, 'rate': 3.21187}}</msg>
<status status="PASS" starttime="20231216 20:09:23.928" endtime="20231216 20:09:23.930"/>
</kw>
<kw name="Create Output Work Item" library="RPA.Robocorp.WorkItems">
<arg>variables=${variables}</arg>
<arg>save=True</arg>
<doc>Create a new output work item with optional variables and files.</doc>
<msg timestamp="20231216 20:09:23.950" level="INFO">traffic_data = {'country': 'GBR', 'year': 2019, 'rate': 3.21187}</msg>
<msg timestamp="20231216 20:09:23.952" level="INFO">Saved into output file: D:\_PROJECTS\Robocorp projects\inhuman-insurance-inc-ais-robot\devdata\work-items-out\run-1\work-items.json</msg>
<status status="PASS" starttime="20231216 20:09:23.931" endtime="20231216 20:09:23.952"/>
</kw>
<status status="PASS" starttime="20231216 20:09:23.926" endtime="20231216 20:09:23.952"/>
</kw>
<status status="PASS" starttime="20231216 20:09:23.925" endtime="20231216 20:09:23.952"/>
</iter>
<iter>
<var name="${payload}">{'country': 'FSM', 'year': 2019, 'rate': 0.15972}</var>
<kw name="Save work item payload">
<arg>${payload}</arg>
<kw name="Create Dictionary" library="BuiltIn">
<var>${variables}</var>
<arg>traffic_data=${payload}</arg>
<doc>Creates and returns a dictionary based on the given ``items``.</doc>
<msg timestamp="20231216 20:09:23.962" level="INFO">${variables} = {'traffic_data': {'country': 'FSM', 'year': 2019, 'rate': 0.15972}}</msg>
<status status="PASS" starttime="20231216 20:09:23.960" endtime="20231216 20:09:23.962"/>
</kw>
<kw name="Create Output Work Item" library="RPA.Robocorp.WorkItems">
<arg>variables=${variables}</arg>
<arg>save=True</arg>
<doc>Create a new output work item with optional variables and files.</doc>
<msg timestamp="20231216 20:09:23.962" level="INFO">traffic_data = {'country': 'FSM', 'year': 2019, 'rate': 0.15972}</msg>
<msg timestamp="20231216 20:09:23.970" level="INFO">Saved into output file: D:\_PROJECTS\Robocorp projects\inhuman-insurance-inc-ais-robot\devdata\work-items-out\run-1\work-items.json</msg>
<status status="PASS" starttime="20231216 20:09:23.962" endtime="20231216 20:09:23.972"/>
</kw>
<status status="PASS" starttime="20231216 20:09:23.952" endtime="20231216 20:09:23.973"/>
</kw>
<status status="PASS" starttime="20231216 20:09:23.952" endtime="20231216 20:09:23.973"/>
</iter>
<iter>
<var name="${payload}">{'country': 'FIN', 'year': 2019, 'rate': 3.88637}</var>
<kw name="Save work item payload">
<arg>${payload}</arg>
<kw name="Create Dictionary" library="BuiltIn">
<var>${variables}</var>
<arg>traffic_data=${payload}</arg>
<doc>Creates and returns a dictionary based on the given ``items``.</doc>
<msg timestamp="20231216 20:09:23.973" level="INFO">${variables} = {'traffic_data': {'country': 'FIN', 'year': 2019, 'rate': 3.88637}}</msg>
<status status="PASS" starttime="20231216 20:09:23.973" endtime="20231216 20:09:23.973"/>
</kw>
<kw name="Create Output Work Item" library="RPA.Robocorp.WorkItems">
<arg>variables=${variables}</arg>
<arg>save=True</arg>
<doc>Create a new output work item with optional variables and files.</doc>
<msg timestamp="20231216 20:09:23.982" level="INFO">traffic_data = {'country': 'FIN', 'year': 2019, 'rate': 3.88637}</msg>
<msg timestamp="20231216 20:09:23.982" level="INFO">Saved into output file: D:\_PROJECTS\Robocorp projects\inhuman-insurance-inc-ais-robot\devdata\work-items-out\run-1\work-items.json</msg>
<status status="PASS" starttime="20231216 20:09:23.980" endtime="20231216 20:09:23.982"/>
</kw>
<status status="PASS" starttime="20231216 20:09:23.973" endtime="20231216 20:09:23.990"/>
</kw>
<status status="PASS" starttime="20231216 20:09:23.973" endtime="20231216 20:09:23.990"/>
</iter>
<iter>
<var name="${payload}">{'country': 'EST', 'year': 2019, 'rate': 4.46408}</var>
<kw name="Save work item payload">
<arg>${payload}</arg>
<kw name="Create Dictionary" library="BuiltIn">
<var>${variables}</var>
<arg>traffic_data=${payload}</arg>
<doc>Creates and returns a dictionary based on the given ``items``.</doc>
<msg timestamp="20231216 20:09:23.992" level="INFO">${variables} = {'traffic_data': {'country': 'EST', 'year': 2019, 'rate': 4.46408}}</msg>
<status status="PASS" starttime="20231216 20:09:23.992" endtime="20231216 20:09:23.992"/>
</kw>
<kw name="Create Output Work Item" library="RPA.Robocorp.WorkItems">
<arg>variables=${variables}</arg>
<arg>save=True</arg>
<doc>Create a new output work item with optional variables and files.</doc>
<msg timestamp="20231216 20:09:24.000" level="INFO">traffic_data = {'country': 'EST', 'year': 2019, 'rate': 4.46408}</msg>
<msg timestamp="20231216 20:09:24.002" level="INFO">Saved into output file: D:\_PROJECTS\Robocorp projects\inhuman-insurance-inc-ais-robot\devdata\work-items-out\run-1\work-items.json</msg>
<status status="PASS" starttime="20231216 20:09:23.992" endtime="20231216 20:09:24.010"/>
</kw>
<status status="PASS" starttime="20231216 20:09:23.992" endtime="20231216 20:09:24.010"/>
</kw>
<status status="PASS" starttime="20231216 20:09:23.992" endtime="20231216 20:09:24.013"/>
</iter>
<iter>
<var name="${payload}">{'country': 'ESP', 'year': 2019, 'rate': 3.91405}</var>
<kw name="Save work item payload">
<arg>${payload}</arg>
<kw name="Create Dictionary" library="BuiltIn">
<var>${variables}</var>
<arg>traffic_data=${payload}</arg>
<doc>Creates and returns a dictionary based on the given ``items``.</doc>
<msg timestamp="20231216 20:09:24.013" level="INFO">${variables} = {'traffic_data': {'country': 'ESP', 'year': 2019, 'rate': 3.91405}}</msg>
<status status="PASS" starttime="20231216 20:09:24.013" endtime="20231216 20:09:24.013"/>
</kw>
<kw name="Create Output Work Item" library="RPA.Robocorp.WorkItems">
<arg>variables=${variables}</arg>
<arg>save=True</arg>
<doc>Create a new output work item with optional variables and files.</doc>
<msg timestamp="20231216 20:09:24.023" level="INFO">traffic_data = {'country': 'ESP', 'year': 2019, 'rate': 3.91405}</msg>
<msg timestamp="20231216 20:09:24.023" level="INFO">Saved into output file: D:\_PROJECTS\Robocorp projects\inhuman-insurance-inc-ais-robot\devdata\work-items-out\run-1\work-items.json</msg>
<status status="PASS" starttime="20231216 20:09:24.021" endtime="20231216 20:09:24.031"/>
</kw>
<status status="PASS" starttime="20231216 20:09:24.013" endtime="20231216 20:09:24.031"/>
</kw>
<status status="PASS" starttime="20231216 20:09:24.013" endtime="20231216 20:09:24.033"/>
</iter>
<iter>
<var name="${payload}">{'country': 'DNK', 'year': 2019, 'rate': 3.69833}</var>
<kw name="Save work item payload">
<arg>${payload}</arg>
<kw name="Create Dictionary" library="BuiltIn">
<var>${variables}</var>
<arg>traffic_data=${payload}</arg>
<doc>Creates and returns a dictionary based on the given ``items``.</doc>
<msg timestamp="20231216 20:09:24.043" level="INFO">${variables} = {'traffic_data': {'country': 'DNK', 'year': 2019, 'rate': 3.69833}}</msg>
<status status="PASS" starttime="20231216 20:09:24.033" endtime="20231216 20:09:24.043"/>
</kw>
<kw name="Create Output Work Item" library="RPA.Robocorp.WorkItems">
<arg>variables=${variables}</arg>
<arg>save=True</arg>
<doc>Create a new output work item with optional variables and files.</doc>
<msg timestamp="20231216 20:09:24.051" level="INFO">traffic_data = {'country': 'DNK', 'year': 2019, 'rate': 3.69833}</msg>
<msg timestamp="20231216 20:09:24.053" level="INFO">Saved into output file: D:\_PROJECTS\Robocorp projects\inhuman-insurance-inc-ais-robot\devdata\work-items-out\run-1\work-items.json</msg>
<status status="PASS" starttime="20231216 20:09:24.043" endtime="20231216 20:09:24.053"/>
</kw>
<status status="PASS" starttime="20231216 20:09:24.033" endtime="20231216 20:09:24.053"/>
</kw>
<status status="PASS" starttime="20231216 20:09:24.033" endtime="20231216 20:09:24.053"/>
</iter>
<iter>
<var name="${payload}">{'country': 'DEU', 'year': 2019, 'rate': 3.78353}</var>
<kw name="Save work item payload">
<arg>${payload}</arg>
<kw name="Create Dictionary" library="BuiltIn">
<var>${variables}</var>
<arg>traffic_data=${payload}</arg>
<doc>Creates and returns a dictionary based on the given ``items``.</doc>
<msg timestamp="20231216 20:09:24.061" level="INFO">${variables} = {'traffic_data': {'country': 'DEU', 'year': 2019, 'rate': 3.78353}}</msg>
<status status="PASS" starttime="20231216 20:09:24.053" endtime="20231216 20:09:24.063"/>
</kw>
<kw name="Create Output Work Item" library="RPA.Robocorp.WorkItems">
<arg>variables=${variables}</arg>
<arg>save=True</arg>
<doc>Create a new output work item with optional variables and files.</doc>
<msg timestamp="20231216 20:09:24.063" level="INFO">traffic_data = {'country': 'DEU', 'year': 2019, 'rate': 3.78353}</msg>
<msg timestamp="20231216 20:09:24.071" level="INFO">Saved into output file: D:\_PROJECTS\Robocorp projects\inhuman-insurance-inc-ais-robot\devdata\work-items-out\run-1\work-items.json</msg>
<status status="PASS" starttime="20231216 20:09:24.063" endtime="20231216 20:09:24.073"/>
</kw>
<status status="PASS" starttime="20231216 20:09:24.053" endtime="20231216 20:09:24.073"/>
</kw>
<status status="PASS" starttime="20231216 20:09:24.053" endtime="20231216 20:09:24.073"/>
</iter>
<iter>
<var name="${payload}">{'country': 'CYP', 'year': 2013, 'rate': 4.9831}</var>
<kw name="Save work item payload">
<arg>${payload}</arg>
<kw name="Create Dictionary" library="BuiltIn">
<var>${variables}</var>
<arg>traffic_data=${payload}</arg>
<doc>Creates and returns a dictionary based on the given ``items``.</doc>
<msg timestamp="20231216 20:09:24.073" level="INFO">${variables} = {'traffic_data': {'country': 'CYP', 'year': 2013, 'rate': 4.9831}}</msg>
<status status="PASS" starttime="20231216 20:09:24.073" endtime="20231216 20:09:24.073"/>
</kw>
<kw name="Create Output Work Item" library="RPA.Robocorp.WorkItems">
<arg>variables=${variables}</arg>
<arg>save=True</arg>
<doc>Create a new output work item with optional variables and files.</doc>
<msg timestamp="20231216 20:09:24.093" level="INFO">traffic_data = {'country': 'CYP', 'year': 2013, 'rate': 4.9831}</msg>
<msg timestamp="20231216 20:09:24.093" level="INFO">Saved into output file: D:\_PROJECTS\Robocorp projects\inhuman-insurance-inc-ais-robot\devdata\work-items-out\run-1\work-items.json</msg>
<status status="PASS" starttime="20231216 20:09:24.073" endtime="20231216 20:09:24.101"/>
</kw>
<status status="PASS" starttime="20231216 20:09:24.073" endtime="20231216 20:09:24.101"/>
</kw>
<status status="PASS" starttime="20231216 20:09:24.073" endtime="20231216 20:09:24.101"/>
</iter>
<iter>
<var name="${payload}">{'country': 'CHE', 'year': 2019, 'rate': 2.24644}</var>
<kw name="Save work item payload">
<arg>${payload}</arg>
<kw name="Create Dictionary" library="BuiltIn">
<var>${variables}</var>
<arg>traffic_data=${payload}</arg>
<doc>Creates and returns a dictionary based on the given ``items``.</doc>
<msg timestamp="20231216 20:09:24.103" level="INFO">${variables} = {'traffic_data': {'country': 'CHE', 'year': 2019, 'rate': 2.24644}}</msg>
<status status="PASS" starttime="20231216 20:09:24.103" endtime="20231216 20:09:24.103"/>
</kw>
<kw name="Create Output Work Item" library="RPA.Robocorp.WorkItems">
<arg>variables=${variables}</arg>
<arg>save=True</arg>
<doc>Create a new output work item with optional variables and files.</doc>
<msg timestamp="20231216 20:09:24.111" level="INFO">traffic_data = {'country': 'CHE', 'year': 2019, 'rate': 2.24644}</msg>
<msg timestamp="20231216 20:09:24.113" level="INFO">Saved into output file: D:\_PROJECTS\Robocorp projects\inhuman-insurance-inc-ais-robot\devdata\work-items-out\run-1\work-items.json</msg>
<status status="PASS" starttime="20231216 20:09:24.103" endtime="20231216 20:09:24.113"/>
</kw>
<status status="PASS" starttime="20231216 20:09:24.103" endtime="20231216 20:09:24.113"/>
</kw>
<status status="PASS" starttime="20231216 20:09:24.103" endtime="20231216 20:09:24.113"/>
</iter>
<iter>
<var name="${payload}">{'country': 'AUT', 'year': 2019, 'rate': 4.86592}</var>
<kw name="Save work item payload">
<arg>${payload}</arg>
<kw name="Create Dictionary" library="BuiltIn">
<var>${variables}</var>
<arg>traffic_data=${payload}</arg>
<doc>Creates and returns a dictionary based on the given ``items``.</doc>
<msg timestamp="20231216 20:09:24.121" level="INFO">${variables} = {'traffic_data': {'country': 'AUT', 'year': 2019, 'rate': 4.86592}}</msg>
<status status="PASS" starttime="20231216 20:09:24.121" endtime="20231216 20:09:24.123"/>
</kw>
<kw name="Create Output Work Item" library="RPA.Robocorp.WorkItems">
<arg>variables=${variables}</arg>
<arg>save=True</arg>
<doc>Create a new output work item with optional variables and files.</doc>
<msg timestamp="20231216 20:09:24.123" level="INFO">traffic_data = {'country': 'AUT', 'year': 2019, 'rate': 4.86592}</msg>
<msg timestamp="20231216 20:09:24.154" level="INFO">Saved into output file: D:\_PROJECTS\Robocorp projects\inhuman-insurance-inc-ais-robot\devdata\work-items-out\run-1\work-items.json</msg>
<status status="PASS" starttime="20231216 20:09:24.123" endtime="20231216 20:09:24.154"/>
</kw>
<status status="PASS" starttime="20231216 20:09:24.120" endtime="20231216 20:09:24.162"/>
</kw>
<status status="PASS" starttime="20231216 20:09:24.113" endtime="20231216 20:09:24.162"/>
</iter>
<iter>
<var name="${payload}">{'country': 'AUS', 'year': 2019, 'rate': 4.93914}</var>
<kw name="Save work item payload">
<arg>${payload}</arg>
<kw name="Create Dictionary" library="BuiltIn">
<var>${variables}</var>
<arg>traffic_data=${payload}</arg>
<doc>Creates and returns a dictionary based on the given ``items``.</doc>
<msg timestamp="20231216 20:09:24.164" level="INFO">${variables} = {'traffic_data': {'country': 'AUS', 'year': 2019, 'rate': 4.93914}}</msg>
<status status="PASS" starttime="20231216 20:09:24.164" endtime="20231216 20:09:24.172"/>
</kw>
<kw name="Create Output Work Item" library="RPA.Robocorp.WorkItems">
<arg>variables=${variables}</arg>
<arg>save=True</arg>
<doc>Create a new output work item with optional variables and files.</doc>
<msg timestamp="20231216 20:09:24.174" level="INFO">traffic_data = {'country': 'AUS', 'year': 2019, 'rate': 4.93914}</msg>
<msg timestamp="20231216 20:09:24.174" level="INFO">Saved into output file: D:\_PROJECTS\Robocorp projects\inhuman-insurance-inc-ais-robot\devdata\work-items-out\run-1\work-items.json</msg>
<status status="PASS" starttime="20231216 20:09:24.172" endtime="20231216 20:09:24.174"/>
</kw>
<status status="PASS" starttime="20231216 20:09:24.164" endtime="20231216 20:09:24.174"/>
</kw>
<status status="PASS" starttime="20231216 20:09:24.164" endtime="20231216 20:09:24.174"/>
</iter>
<iter>
<var name="${payload}">{'country': 'ATG', 'year': 2019, 'rate': 0.0}</var>
<kw name="Save work item payload">
<arg>${payload}</arg>
<kw name="Create Dictionary" library="BuiltIn">
<var>${variables}</var>
<arg>traffic_data=${payload}</arg>
<doc>Creates and returns a dictionary based on the given ``items``.</doc>
<msg timestamp="20231216 20:09:24.184" level="INFO">${variables} = {'traffic_data': {'country': 'ATG', 'year': 2019, 'rate': 0.0}}</msg>
<status status="PASS" starttime="20231216 20:09:24.184" endtime="20231216 20:09:24.184"/>
</kw>
<kw name="Create Output Work Item" library="RPA.Robocorp.WorkItems">
<arg>variables=${variables}</arg>
<arg>save=True</arg>
<doc>Create a new output work item with optional variables and files.</doc>
<msg timestamp="20231216 20:09:24.184" level="INFO">traffic_data = {'country': 'ATG', 'year': 2019, 'rate': 0.0}</msg>
<msg timestamp="20231216 20:09:24.194" level="INFO">Saved into output file: D:\_PROJECTS\Robocorp projects\inhuman-insurance-inc-ais-robot\devdata\work-items-out\run-1\work-items.json</msg>
<status status="PASS" starttime="20231216 20:09:24.184" endtime="20231216 20:09:24.194"/>
</kw>
<status status="PASS" starttime="20231216 20:09:24.182" endtime="20231216 20:09:24.194"/>
</kw>
<status status="PASS" starttime="20231216 20:09:24.182" endtime="20231216 20:09:24.194"/>
</iter>
<status status="PASS" starttime="20231216 20:09:23.484" endtime="20231216 20:09:24.194"/>
</for>
<status status="PASS" starttime="20231216 20:09:23.482" endtime="20231216 20:09:24.194"/>
</kw>
<kw name="Log" library="BuiltIn">
<arg>Producer Done.</arg>
<doc>Logs the given message with the given level.</doc>
<msg timestamp="20231216 20:09:24.204" level="INFO">Producer Done.</msg>
<status status="PASS" starttime="20231216 20:09:24.202" endtime="20231216 20:09:24.204"/>
</kw>
<status status="PASS" starttime="20231216 20:09:15.478" endtime="20231216 20:09:24.204"/>
</test>
<doc>Inhuman Insurance, Inc. Artificial Intelligence System robot.
Produces traffic data work items.</doc>
<status status="PASS" starttime="20231216 20:09:12.849" endtime="20231216 20:09:24.214"/>
</suite>
<statistics>
<total>
<stat pass="1" fail="0" skip="0">All Tasks</stat>
</total>
<tag>
</tag>
<suite>
<stat pass="1" fail="0" skip="0" id="s1" name="Producer">Producer</stat>
</suite>
</statistics>
<errors>
<msg timestamp="20231216 20:09:15.478" level="WARN">No input work items file found: None</msg>
</errors>
</robot>
